[com.alibaba.druid.stat.DruidStatService][ERROR] 2017-05-03 17:09:18,678 --> unregister mbean error com.alibaba.druid.stat.DruidStatService.unregisterMBean(DruidStatService.java:376)  
javax.management.InstanceNotFoundException: com.alibaba.druid:type=DruidStatService
	at com.sun.jmx.interceptor.DefaultMBeanServerInterceptor.getMBean(DefaultMBeanServerInterceptor.java:1095)
	at com.sun.jmx.interceptor.DefaultMBeanServerInterceptor.exclusiveUnregisterMBean(DefaultMBeanServerInterceptor.java:427)
	at com.sun.jmx.interceptor.DefaultMBeanServerInterceptor.unregisterMBean(DefaultMBeanServerInterceptor.java:415)
	at com.sun.jmx.mbeanserver.JmxMBeanServer.unregisterMBean(JmxMBeanServer.java:546)
	at com.alibaba.druid.stat.DruidStatService.unregisterMBean(DruidStatService.java:374)
	at com.alibaba.druid.stat.DruidDataSourceStatManager.removeDataSource(DruidDataSourceStatManager.java:205)
	at com.alibaba.druid.pool.DruidDataSource$2.run(DruidDataSource.java:1475)
	at java.security.AccessController.doPrivileged(Native Method)
	at com.alibaba.druid.pool.DruidDataSource.unregisterMbean(DruidDataSource.java:1471)
	at com.alibaba.druid.pool.DruidDataSource.close(DruidDataSource.java:1430)
	at com.jfinal.plugin.druid.DruidPlugin.stop(DruidPlugin.java:180)
	at com.jfinal.core.JFinal.stopPlugins(JFinal.java:135)
	at com.jfinal.core.JFinalFilter.destroy(JFinalFilter.java:87)
	at org.apache.catalina.core.ApplicationFilterConfig.release(ApplicationFilterConfig.java:315)
	at org.apache.catalina.core.StandardContext.filterStop(StandardContext.java:4811)
	at org.apache.catalina.core.StandardContext.stopInternal(StandardContext.java:5618)
	at org.apache.catalina.util.LifecycleBase.stop(LifecycleBase.java:232)
	at org.apache.catalina.core.ContainerBase$StopChild.call(ContainerBase.java:1575)
	at org.apache.catalina.core.ContainerBase$StopChild.call(ContainerBase.java:1564)
	at java.util.concurrent.FutureTask.run(FutureTask.java:262)
	at java.util.concurrent.ThreadPoolExecutor.runWorker(ThreadPoolExecutor.java:1145)
	at java.util.concurrent.ThreadPoolExecutor$Worker.run(ThreadPoolExecutor.java:615)
	at java.lang.Thread.run(Thread.java:745)
[com.alibaba.druid.stat.DruidDataSourceStatManager][ERROR] 2017-05-03 18:10:33,079 --> unregister mbean error com.alibaba.druid.stat.DruidDataSourceStatManager.removeDataSource(DruidDataSourceStatManager.java:202)  
javax.management.InstanceNotFoundException: com.alibaba.druid:type=DruidDataSourceStat
	at com.sun.jmx.interceptor.DefaultMBeanServerInterceptor.getMBean(DefaultMBeanServerInterceptor.java:1095)
	at com.sun.jmx.interceptor.DefaultMBeanServerInterceptor.exclusiveUnregisterMBean(DefaultMBeanServerInterceptor.java:427)
	at com.sun.jmx.interceptor.DefaultMBeanServerInterceptor.unregisterMBean(DefaultMBeanServerInterceptor.java:415)
	at com.sun.jmx.mbeanserver.JmxMBeanServer.unregisterMBean(JmxMBeanServer.java:546)
	at com.alibaba.druid.stat.DruidDataSourceStatManager.removeDataSource(DruidDataSourceStatManager.java:200)
	at com.alibaba.druid.pool.DruidDataSource$2.run(DruidDataSource.java:1475)
	at java.security.AccessController.doPrivileged(Native Method)
	at com.alibaba.druid.pool.DruidDataSource.unregisterMbean(DruidDataSource.java:1471)
	at com.alibaba.druid.pool.DruidDataSource.close(DruidDataSource.java:1430)
	at com.jfinal.plugin.druid.DruidPlugin.stop(DruidPlugin.java:180)
	at com.jfinal.core.JFinal.stopPlugins(JFinal.java:135)
	at com.jfinal.core.JFinalFilter.destroy(JFinalFilter.java:87)
	at org.apache.catalina.core.ApplicationFilterConfig.release(ApplicationFilterConfig.java:315)
	at org.apache.catalina.core.StandardContext.filterStop(StandardContext.java:4811)
	at org.apache.catalina.core.StandardContext.stopInternal(StandardContext.java:5618)
	at org.apache.catalina.util.LifecycleBase.stop(LifecycleBase.java:232)
	at org.apache.catalina.core.ContainerBase$StopChild.call(ContainerBase.java:1575)
	at org.apache.catalina.core.ContainerBase$StopChild.call(ContainerBase.java:1564)
	at java.util.concurrent.FutureTask.run(FutureTask.java:262)
	at java.util.concurrent.ThreadPoolExecutor.runWorker(ThreadPoolExecutor.java:1145)
	at java.util.concurrent.ThreadPoolExecutor$Worker.run(ThreadPoolExecutor.java:615)
	at java.lang.Thread.run(Thread.java:745)
[com.alibaba.druid.stat.DruidStatService][ERROR] 2017-05-03 18:10:33,115 --> unregister mbean error com.alibaba.druid.stat.DruidStatService.unregisterMBean(DruidStatService.java:376)  
javax.management.InstanceNotFoundException: com.alibaba.druid:type=DruidStatService
	at com.sun.jmx.interceptor.DefaultMBeanServerInterceptor.getMBean(DefaultMBeanServerInterceptor.java:1095)
	at com.sun.jmx.interceptor.DefaultMBeanServerInterceptor.exclusiveUnregisterMBean(DefaultMBeanServerInterceptor.java:427)
	at com.sun.jmx.interceptor.DefaultMBeanServerInterceptor.unregisterMBean(DefaultMBeanServerInterceptor.java:415)
	at com.sun.jmx.mbeanserver.JmxMBeanServer.unregisterMBean(JmxMBeanServer.java:546)
	at com.alibaba.druid.stat.DruidStatService.unregisterMBean(DruidStatService.java:374)
	at com.alibaba.druid.stat.DruidDataSourceStatManager.removeDataSource(DruidDataSourceStatManager.java:205)
	at com.alibaba.druid.pool.DruidDataSource$2.run(DruidDataSource.java:1475)
	at java.security.AccessController.doPrivileged(Native Method)
	at com.alibaba.druid.pool.DruidDataSource.unregisterMbean(DruidDataSource.java:1471)
	at com.alibaba.druid.pool.DruidDataSource.close(DruidDataSource.java:1430)
	at com.jfinal.plugin.druid.DruidPlugin.stop(DruidPlugin.java:180)
	at com.jfinal.core.JFinal.stopPlugins(JFinal.java:135)
	at com.jfinal.core.JFinalFilter.destroy(JFinalFilter.java:87)
	at org.apache.catalina.core.ApplicationFilterConfig.release(ApplicationFilterConfig.java:315)
	at org.apache.catalina.core.StandardContext.filterStop(StandardContext.java:4811)
	at org.apache.catalina.core.StandardContext.stopInternal(StandardContext.java:5618)
	at org.apache.catalina.util.LifecycleBase.stop(LifecycleBase.java:232)
	at org.apache.catalina.core.ContainerBase$StopChild.call(ContainerBase.java:1575)
	at org.apache.catalina.core.ContainerBase$StopChild.call(ContainerBase.java:1564)
	at java.util.concurrent.FutureTask.run(FutureTask.java:262)
	at java.util.concurrent.ThreadPoolExecutor.runWorker(ThreadPoolExecutor.java:1145)
	at java.util.concurrent.ThreadPoolExecutor$Worker.run(ThreadPoolExecutor.java:615)
	at java.lang.Thread.run(Thread.java:745)
[com.alibaba.druid.stat.DruidDataSourceStatManager][ERROR] 2017-05-04 13:27:40,568 --> unregister mbean error com.alibaba.druid.stat.DruidDataSourceStatManager.removeDataSource(DruidDataSourceStatManager.java:202)  
javax.management.InstanceNotFoundException: com.alibaba.druid:type=DruidDataSourceStat
	at com.sun.jmx.interceptor.DefaultMBeanServerInterceptor.getMBean(DefaultMBeanServerInterceptor.java:1095)
	at com.sun.jmx.interceptor.DefaultMBeanServerInterceptor.exclusiveUnregisterMBean(DefaultMBeanServerInterceptor.java:427)
	at com.sun.jmx.interceptor.DefaultMBeanServerInterceptor.unregisterMBean(DefaultMBeanServerInterceptor.java:415)
	at com.sun.jmx.mbeanserver.JmxMBeanServer.unregisterMBean(JmxMBeanServer.java:546)
	at com.alibaba.druid.stat.DruidDataSourceStatManager.removeDataSource(DruidDataSourceStatManager.java:200)
	at com.alibaba.druid.pool.DruidDataSource$2.run(DruidDataSource.java:1475)
	at java.security.AccessController.doPrivileged(Native Method)
	at com.alibaba.druid.pool.DruidDataSource.unregisterMbean(DruidDataSource.java:1471)
	at com.alibaba.druid.pool.DruidDataSource.close(DruidDataSource.java:1430)
	at com.jfinal.plugin.druid.DruidPlugin.stop(DruidPlugin.java:180)
	at com.jfinal.core.JFinal.stopPlugins(JFinal.java:135)
	at com.jfinal.core.JFinalFilter.destroy(JFinalFilter.java:87)
	at org.apache.catalina.core.ApplicationFilterConfig.release(ApplicationFilterConfig.java:315)
	at org.apache.catalina.core.StandardContext.filterStop(StandardContext.java:4811)
	at org.apache.catalina.core.StandardContext.stopInternal(StandardContext.java:5618)
	at org.apache.catalina.util.LifecycleBase.stop(LifecycleBase.java:232)
	at org.apache.catalina.core.ContainerBase$StopChild.call(ContainerBase.java:1575)
	at org.apache.catalina.core.ContainerBase$StopChild.call(ContainerBase.java:1564)
	at java.util.concurrent.FutureTask.run(FutureTask.java:262)
	at java.util.concurrent.ThreadPoolExecutor.runWorker(ThreadPoolExecutor.java:1145)
	at java.util.concurrent.ThreadPoolExecutor$Worker.run(ThreadPoolExecutor.java:615)
	at java.lang.Thread.run(Thread.java:745)
[com.alibaba.druid.stat.DruidStatService][ERROR] 2017-05-04 13:27:40,568 --> unregister mbean error com.alibaba.druid.stat.DruidStatService.unregisterMBean(DruidStatService.java:376)  
javax.management.InstanceNotFoundException: com.alibaba.druid:type=DruidStatService
	at com.sun.jmx.interceptor.DefaultMBeanServerInterceptor.getMBean(DefaultMBeanServerInterceptor.java:1095)
	at com.sun.jmx.interceptor.DefaultMBeanServerInterceptor.exclusiveUnregisterMBean(DefaultMBeanServerInterceptor.java:427)
	at com.sun.jmx.interceptor.DefaultMBeanServerInterceptor.unregisterMBean(DefaultMBeanServerInterceptor.java:415)
	at com.sun.jmx.mbeanserver.JmxMBeanServer.unregisterMBean(JmxMBeanServer.java:546)
	at com.alibaba.druid.stat.DruidStatService.unregisterMBean(DruidStatService.java:374)
	at com.alibaba.druid.stat.DruidDataSourceStatManager.removeDataSource(DruidDataSourceStatManager.java:205)
	at com.alibaba.druid.pool.DruidDataSource$2.run(DruidDataSource.java:1475)
	at java.security.AccessController.doPrivileged(Native Method)
	at com.alibaba.druid.pool.DruidDataSource.unregisterMbean(DruidDataSource.java:1471)
	at com.alibaba.druid.pool.DruidDataSource.close(DruidDataSource.java:1430)
	at com.jfinal.plugin.druid.DruidPlugin.stop(DruidPlugin.java:180)
	at com.jfinal.core.JFinal.stopPlugins(JFinal.java:135)
	at com.jfinal.core.JFinalFilter.destroy(JFinalFilter.java:87)
	at org.apache.catalina.core.ApplicationFilterConfig.release(ApplicationFilterConfig.java:315)
	at org.apache.catalina.core.StandardContext.filterStop(StandardContext.java:4811)
	at org.apache.catalina.core.StandardContext.stopInternal(StandardContext.java:5618)
	at org.apache.catalina.util.LifecycleBase.stop(LifecycleBase.java:232)
	at org.apache.catalina.core.ContainerBase$StopChild.call(ContainerBase.java:1575)
	at org.apache.catalina.core.ContainerBase$StopChild.call(ContainerBase.java:1564)
	at java.util.concurrent.FutureTask.run(FutureTask.java:262)
	at java.util.concurrent.ThreadPoolExecutor.runWorker(ThreadPoolExecutor.java:1145)
	at java.util.concurrent.ThreadPoolExecutor$Worker.run(ThreadPoolExecutor.java:615)
	at java.lang.Thread.run(Thread.java:745)
[com.alibaba.druid.stat.DruidDataSourceStatManager][ERROR] 2017-05-04 16:05:12,111 --> unregister mbean error com.alibaba.druid.stat.DruidDataSourceStatManager.removeDataSource(DruidDataSourceStatManager.java:202)  
javax.management.InstanceNotFoundException: com.alibaba.druid:type=DruidDataSourceStat
	at com.sun.jmx.interceptor.DefaultMBeanServerInterceptor.getMBean(DefaultMBeanServerInterceptor.java:1095)
	at com.sun.jmx.interceptor.DefaultMBeanServerInterceptor.exclusiveUnregisterMBean(DefaultMBeanServerInterceptor.java:427)
	at com.sun.jmx.interceptor.DefaultMBeanServerInterceptor.unregisterMBean(DefaultMBeanServerInterceptor.java:415)
	at com.sun.jmx.mbeanserver.JmxMBeanServer.unregisterMBean(JmxMBeanServer.java:546)
	at com.alibaba.druid.stat.DruidDataSourceStatManager.removeDataSource(DruidDataSourceStatManager.java:200)
	at com.alibaba.druid.pool.DruidDataSource$2.run(DruidDataSource.java:1475)
	at java.security.AccessController.doPrivileged(Native Method)
	at com.alibaba.druid.pool.DruidDataSource.unregisterMbean(DruidDataSource.java:1471)
	at com.alibaba.druid.pool.DruidDataSource.close(DruidDataSource.java:1430)
	at com.jfinal.plugin.druid.DruidPlugin.stop(DruidPlugin.java:180)
	at com.jfinal.core.JFinal.stopPlugins(JFinal.java:135)
	at com.jfinal.core.JFinalFilter.destroy(JFinalFilter.java:87)
	at org.apache.catalina.core.ApplicationFilterConfig.release(ApplicationFilterConfig.java:315)
	at org.apache.catalina.core.StandardContext.filterStop(StandardContext.java:4811)
	at org.apache.catalina.core.StandardContext.stopInternal(StandardContext.java:5618)
	at org.apache.catalina.util.LifecycleBase.stop(LifecycleBase.java:232)
	at org.apache.catalina.core.ContainerBase$StopChild.call(ContainerBase.java:1575)
	at org.apache.catalina.core.ContainerBase$StopChild.call(ContainerBase.java:1564)
	at java.util.concurrent.FutureTask.run(FutureTask.java:262)
	at java.util.concurrent.ThreadPoolExecutor.runWorker(ThreadPoolExecutor.java:1145)
	at java.util.concurrent.ThreadPoolExecutor$Worker.run(ThreadPoolExecutor.java:615)
	at java.lang.Thread.run(Thread.java:745)
[com.alibaba.druid.stat.DruidStatService][ERROR] 2017-05-04 16:05:12,113 --> unregister mbean error com.alibaba.druid.stat.DruidStatService.unregisterMBean(DruidStatService.java:376)  
javax.management.InstanceNotFoundException: com.alibaba.druid:type=DruidStatService
	at com.sun.jmx.interceptor.DefaultMBeanServerInterceptor.getMBean(DefaultMBeanServerInterceptor.java:1095)
	at com.sun.jmx.interceptor.DefaultMBeanServerInterceptor.exclusiveUnregisterMBean(DefaultMBeanServerInterceptor.java:427)
	at com.sun.jmx.interceptor.DefaultMBeanServerInterceptor.unregisterMBean(DefaultMBeanServerInterceptor.java:415)
	at com.sun.jmx.mbeanserver.JmxMBeanServer.unregisterMBean(JmxMBeanServer.java:546)
	at com.alibaba.druid.stat.DruidStatService.unregisterMBean(DruidStatService.java:374)
	at com.alibaba.druid.stat.DruidDataSourceStatManager.removeDataSource(DruidDataSourceStatManager.java:205)
	at com.alibaba.druid.pool.DruidDataSource$2.run(DruidDataSource.java:1475)
	at java.security.AccessController.doPrivileged(Native Method)
	at com.alibaba.druid.pool.DruidDataSource.unregisterMbean(DruidDataSource.java:1471)
	at com.alibaba.druid.pool.DruidDataSource.close(DruidDataSource.java:1430)
	at com.jfinal.plugin.druid.DruidPlugin.stop(DruidPlugin.java:180)
	at com.jfinal.core.JFinal.stopPlugins(JFinal.java:135)
	at com.jfinal.core.JFinalFilter.destroy(JFinalFilter.java:87)
	at org.apache.catalina.core.ApplicationFilterConfig.release(ApplicationFilterConfig.java:315)
	at org.apache.catalina.core.StandardContext.filterStop(StandardContext.java:4811)
	at org.apache.catalina.core.StandardContext.stopInternal(StandardContext.java:5618)
	at org.apache.catalina.util.LifecycleBase.stop(LifecycleBase.java:232)
	at org.apache.catalina.core.ContainerBase$StopChild.call(ContainerBase.java:1575)
	at org.apache.catalina.core.ContainerBase$StopChild.call(ContainerBase.java:1564)
	at java.util.concurrent.FutureTask.run(FutureTask.java:262)
	at java.util.concurrent.ThreadPoolExecutor.runWorker(ThreadPoolExecutor.java:1145)
	at java.util.concurrent.ThreadPoolExecutor$Worker.run(ThreadPoolExecutor.java:615)
	at java.lang.Thread.run(Thread.java:745)
[com.alibaba.druid.stat.DruidDataSourceStatManager][ERROR] 2017-05-08 12:15:34,181 --> unregister mbean error com.alibaba.druid.stat.DruidDataSourceStatManager.removeDataSource(DruidDataSourceStatManager.java:202)  
javax.management.InstanceNotFoundException: com.alibaba.druid:type=DruidDataSourceStat
	at com.sun.jmx.interceptor.DefaultMBeanServerInterceptor.getMBean(DefaultMBeanServerInterceptor.java:1095)
	at com.sun.jmx.interceptor.DefaultMBeanServerInterceptor.exclusiveUnregisterMBean(DefaultMBeanServerInterceptor.java:427)
	at com.sun.jmx.interceptor.DefaultMBeanServerInterceptor.unregisterMBean(DefaultMBeanServerInterceptor.java:415)
	at com.sun.jmx.mbeanserver.JmxMBeanServer.unregisterMBean(JmxMBeanServer.java:546)
	at com.alibaba.druid.stat.DruidDataSourceStatManager.removeDataSource(DruidDataSourceStatManager.java:200)
	at com.alibaba.druid.pool.DruidDataSource$2.run(DruidDataSource.java:1475)
	at java.security.AccessController.doPrivileged(Native Method)
	at com.alibaba.druid.pool.DruidDataSource.unregisterMbean(DruidDataSource.java:1471)
	at com.alibaba.druid.pool.DruidDataSource.close(DruidDataSource.java:1430)
	at com.jfinal.plugin.druid.DruidPlugin.stop(DruidPlugin.java:180)
	at com.jfinal.core.JFinal.stopPlugins(JFinal.java:135)
	at com.jfinal.core.JFinalFilter.destroy(JFinalFilter.java:87)
	at org.apache.catalina.core.ApplicationFilterConfig.release(ApplicationFilterConfig.java:315)
	at org.apache.catalina.core.StandardContext.filterStop(StandardContext.java:4811)
	at org.apache.catalina.core.StandardContext.stopInternal(StandardContext.java:5618)
	at org.apache.catalina.util.LifecycleBase.stop(LifecycleBase.java:232)
	at org.apache.catalina.core.ContainerBase$StopChild.call(ContainerBase.java:1575)
	at org.apache.catalina.core.ContainerBase$StopChild.call(ContainerBase.java:1564)
	at java.util.concurrent.FutureTask.run(FutureTask.java:262)
	at java.util.concurrent.ThreadPoolExecutor.runWorker(ThreadPoolExecutor.java:1145)
	at java.util.concurrent.ThreadPoolExecutor$Worker.run(ThreadPoolExecutor.java:615)
	at java.lang.Thread.run(Thread.java:745)
[com.alibaba.druid.stat.DruidStatService][ERROR] 2017-05-08 12:15:34,198 --> unregister mbean error com.alibaba.druid.stat.DruidStatService.unregisterMBean(DruidStatService.java:376)  
javax.management.InstanceNotFoundException: com.alibaba.druid:type=DruidStatService
	at com.sun.jmx.interceptor.DefaultMBeanServerInterceptor.getMBean(DefaultMBeanServerInterceptor.java:1095)
	at com.sun.jmx.interceptor.DefaultMBeanServerInterceptor.exclusiveUnregisterMBean(DefaultMBeanServerInterceptor.java:427)
	at com.sun.jmx.interceptor.DefaultMBeanServerInterceptor.unregisterMBean(DefaultMBeanServerInterceptor.java:415)
	at com.sun.jmx.mbeanserver.JmxMBeanServer.unregisterMBean(JmxMBeanServer.java:546)
	at com.alibaba.druid.stat.DruidStatService.unregisterMBean(DruidStatService.java:374)
	at com.alibaba.druid.stat.DruidDataSourceStatManager.removeDataSource(DruidDataSourceStatManager.java:205)
	at com.alibaba.druid.pool.DruidDataSource$2.run(DruidDataSource.java:1475)
	at java.security.AccessController.doPrivileged(Native Method)
	at com.alibaba.druid.pool.DruidDataSource.unregisterMbean(DruidDataSource.java:1471)
	at com.alibaba.druid.pool.DruidDataSource.close(DruidDataSource.java:1430)
	at com.jfinal.plugin.druid.DruidPlugin.stop(DruidPlugin.java:180)
	at com.jfinal.core.JFinal.stopPlugins(JFinal.java:135)
	at com.jfinal.core.JFinalFilter.destroy(JFinalFilter.java:87)
	at org.apache.catalina.core.ApplicationFilterConfig.release(ApplicationFilterConfig.java:315)
	at org.apache.catalina.core.StandardContext.filterStop(StandardContext.java:4811)
	at org.apache.catalina.core.StandardContext.stopInternal(StandardContext.java:5618)
	at org.apache.catalina.util.LifecycleBase.stop(LifecycleBase.java:232)
	at org.apache.catalina.core.ContainerBase$StopChild.call(ContainerBase.java:1575)
	at org.apache.catalina.core.ContainerBase$StopChild.call(ContainerBase.java:1564)
	at java.util.concurrent.FutureTask.run(FutureTask.java:262)
	at java.util.concurrent.ThreadPoolExecutor.runWorker(ThreadPoolExecutor.java:1145)
	at java.util.concurrent.ThreadPoolExecutor$Worker.run(ThreadPoolExecutor.java:615)
	at java.lang.Thread.run(Thread.java:745)
[com.alibaba.druid.stat.DruidDataSourceStatManager][ERROR] 2017-05-08 15:50:04,205 --> unregister mbean error com.alibaba.druid.stat.DruidDataSourceStatManager.removeDataSource(DruidDataSourceStatManager.java:202)  
javax.management.InstanceNotFoundException: com.alibaba.druid:type=DruidDataSourceStat
	at com.sun.jmx.interceptor.DefaultMBeanServerInterceptor.getMBean(DefaultMBeanServerInterceptor.java:1095)
	at com.sun.jmx.interceptor.DefaultMBeanServerInterceptor.exclusiveUnregisterMBean(DefaultMBeanServerInterceptor.java:427)
	at com.sun.jmx.interceptor.DefaultMBeanServerInterceptor.unregisterMBean(DefaultMBeanServerInterceptor.java:415)
	at com.sun.jmx.mbeanserver.JmxMBeanServer.unregisterMBean(JmxMBeanServer.java:546)
	at com.alibaba.druid.stat.DruidDataSourceStatManager.removeDataSource(DruidDataSourceStatManager.java:200)
	at com.alibaba.druid.pool.DruidDataSource$2.run(DruidDataSource.java:1475)
	at java.security.AccessController.doPrivileged(Native Method)
	at com.alibaba.druid.pool.DruidDataSource.unregisterMbean(DruidDataSource.java:1471)
	at com.alibaba.druid.pool.DruidDataSource.close(DruidDataSource.java:1430)
	at com.jfinal.plugin.druid.DruidPlugin.stop(DruidPlugin.java:180)
	at com.jfinal.core.JFinal.stopPlugins(JFinal.java:135)
	at com.jfinal.core.JFinalFilter.destroy(JFinalFilter.java:87)
	at org.apache.catalina.core.ApplicationFilterConfig.release(ApplicationFilterConfig.java:315)
	at org.apache.catalina.core.StandardContext.filterStop(StandardContext.java:4811)
	at org.apache.catalina.core.StandardContext.stopInternal(StandardContext.java:5618)
	at org.apache.catalina.util.LifecycleBase.stop(LifecycleBase.java:232)
	at org.apache.catalina.core.ContainerBase$StopChild.call(ContainerBase.java:1575)
	at org.apache.catalina.core.ContainerBase$StopChild.call(ContainerBase.java:1564)
	at java.util.concurrent.FutureTask.run(FutureTask.java:262)
	at java.util.concurrent.ThreadPoolExecutor.runWorker(ThreadPoolExecutor.java:1145)
	at java.util.concurrent.ThreadPoolExecutor$Worker.run(ThreadPoolExecutor.java:615)
	at java.lang.Thread.run(Thread.java:745)
[com.alibaba.druid.stat.DruidStatService][ERROR] 2017-05-08 15:50:04,222 --> unregister mbean error com.alibaba.druid.stat.DruidStatService.unregisterMBean(DruidStatService.java:376)  
javax.management.InstanceNotFoundException: com.alibaba.druid:type=DruidStatService
	at com.sun.jmx.interceptor.DefaultMBeanServerInterceptor.getMBean(DefaultMBeanServerInterceptor.java:1095)
	at com.sun.jmx.interceptor.DefaultMBeanServerInterceptor.exclusiveUnregisterMBean(DefaultMBeanServerInterceptor.java:427)
	at com.sun.jmx.interceptor.DefaultMBeanServerInterceptor.unregisterMBean(DefaultMBeanServerInterceptor.java:415)
	at com.sun.jmx.mbeanserver.JmxMBeanServer.unregisterMBean(JmxMBeanServer.java:546)
	at com.alibaba.druid.stat.DruidStatService.unregisterMBean(DruidStatService.java:374)
	at com.alibaba.druid.stat.DruidDataSourceStatManager.removeDataSource(DruidDataSourceStatManager.java:205)
	at com.alibaba.druid.pool.DruidDataSource$2.run(DruidDataSource.java:1475)
	at java.security.AccessController.doPrivileged(Native Method)
	at com.alibaba.druid.pool.DruidDataSource.unregisterMbean(DruidDataSource.java:1471)
	at com.alibaba.druid.pool.DruidDataSource.close(DruidDataSource.java:1430)
	at com.jfinal.plugin.druid.DruidPlugin.stop(DruidPlugin.java:180)
	at com.jfinal.core.JFinal.stopPlugins(JFinal.java:135)
	at com.jfinal.core.JFinalFilter.destroy(JFinalFilter.java:87)
	at org.apache.catalina.core.ApplicationFilterConfig.release(ApplicationFilterConfig.java:315)
	at org.apache.catalina.core.StandardContext.filterStop(StandardContext.java:4811)
	at org.apache.catalina.core.StandardContext.stopInternal(StandardContext.java:5618)
	at org.apache.catalina.util.LifecycleBase.stop(LifecycleBase.java:232)
	at org.apache.catalina.core.ContainerBase$StopChild.call(ContainerBase.java:1575)
	at org.apache.catalina.core.ContainerBase$StopChild.call(ContainerBase.java:1564)
	at java.util.concurrent.FutureTask.run(FutureTask.java:262)
	at java.util.concurrent.ThreadPoolExecutor.runWorker(ThreadPoolExecutor.java:1145)
	at java.util.concurrent.ThreadPoolExecutor$Worker.run(ThreadPoolExecutor.java:615)
	at java.lang.Thread.run(Thread.java:745)
[com.alibaba.druid.stat.DruidDataSourceStatManager][ERROR] 2017-05-08 16:24:23,899 --> unregister mbean error com.alibaba.druid.stat.DruidDataSourceStatManager.removeDataSource(DruidDataSourceStatManager.java:202)  
javax.management.InstanceNotFoundException: com.alibaba.druid:type=DruidDataSourceStat
	at com.sun.jmx.interceptor.DefaultMBeanServerInterceptor.getMBean(DefaultMBeanServerInterceptor.java:1095)
	at com.sun.jmx.interceptor.DefaultMBeanServerInterceptor.exclusiveUnregisterMBean(DefaultMBeanServerInterceptor.java:427)
	at com.sun.jmx.interceptor.DefaultMBeanServerInterceptor.unregisterMBean(DefaultMBeanServerInterceptor.java:415)
	at com.sun.jmx.mbeanserver.JmxMBeanServer.unregisterMBean(JmxMBeanServer.java:546)
	at com.alibaba.druid.stat.DruidDataSourceStatManager.removeDataSource(DruidDataSourceStatManager.java:200)
	at com.alibaba.druid.pool.DruidDataSource$2.run(DruidDataSource.java:1475)
	at java.security.AccessController.doPrivileged(Native Method)
	at com.alibaba.druid.pool.DruidDataSource.unregisterMbean(DruidDataSource.java:1471)
	at com.alibaba.druid.pool.DruidDataSource.close(DruidDataSource.java:1430)
	at com.jfinal.plugin.druid.DruidPlugin.stop(DruidPlugin.java:180)
	at com.jfinal.core.JFinal.stopPlugins(JFinal.java:135)
	at com.jfinal.core.JFinalFilter.destroy(JFinalFilter.java:87)
	at org.apache.catalina.core.ApplicationFilterConfig.release(ApplicationFilterConfig.java:315)
	at org.apache.catalina.core.StandardContext.filterStop(StandardContext.java:4811)
	at org.apache.catalina.core.StandardContext.stopInternal(StandardContext.java:5618)
	at org.apache.catalina.util.LifecycleBase.stop(LifecycleBase.java:232)
	at org.apache.catalina.core.ContainerBase$StopChild.call(ContainerBase.java:1575)
	at org.apache.catalina.core.ContainerBase$StopChild.call(ContainerBase.java:1564)
	at java.util.concurrent.FutureTask.run(FutureTask.java:262)
	at java.util.concurrent.ThreadPoolExecutor.runWorker(ThreadPoolExecutor.java:1145)
	at java.util.concurrent.ThreadPoolExecutor$Worker.run(ThreadPoolExecutor.java:615)
	at java.lang.Thread.run(Thread.java:745)
[com.alibaba.druid.stat.DruidStatService][ERROR] 2017-05-08 16:24:23,901 --> unregister mbean error com.alibaba.druid.stat.DruidStatService.unregisterMBean(DruidStatService.java:376)  
javax.management.InstanceNotFoundException: com.alibaba.druid:type=DruidStatService
	at com.sun.jmx.interceptor.DefaultMBeanServerInterceptor.getMBean(DefaultMBeanServerInterceptor.java:1095)
	at com.sun.jmx.interceptor.DefaultMBeanServerInterceptor.exclusiveUnregisterMBean(DefaultMBeanServerInterceptor.java:427)
	at com.sun.jmx.interceptor.DefaultMBeanServerInterceptor.unregisterMBean(DefaultMBeanServerInterceptor.java:415)
	at com.sun.jmx.mbeanserver.JmxMBeanServer.unregisterMBean(JmxMBeanServer.java:546)
	at com.alibaba.druid.stat.DruidStatService.unregisterMBean(DruidStatService.java:374)
	at com.alibaba.druid.stat.DruidDataSourceStatManager.removeDataSource(DruidDataSourceStatManager.java:205)
	at com.alibaba.druid.pool.DruidDataSource$2.run(DruidDataSource.java:1475)
	at java.security.AccessController.doPrivileged(Native Method)
	at com.alibaba.druid.pool.DruidDataSource.unregisterMbean(DruidDataSource.java:1471)
	at com.alibaba.druid.pool.DruidDataSource.close(DruidDataSource.java:1430)
	at com.jfinal.plugin.druid.DruidPlugin.stop(DruidPlugin.java:180)
	at com.jfinal.core.JFinal.stopPlugins(JFinal.java:135)
	at com.jfinal.core.JFinalFilter.destroy(JFinalFilter.java:87)
	at org.apache.catalina.core.ApplicationFilterConfig.release(ApplicationFilterConfig.java:315)
	at org.apache.catalina.core.StandardContext.filterStop(StandardContext.java:4811)
	at org.apache.catalina.core.StandardContext.stopInternal(StandardContext.java:5618)
	at org.apache.catalina.util.LifecycleBase.stop(LifecycleBase.java:232)
	at org.apache.catalina.core.ContainerBase$StopChild.call(ContainerBase.java:1575)
	at org.apache.catalina.core.ContainerBase$StopChild.call(ContainerBase.java:1564)
	at java.util.concurrent.FutureTask.run(FutureTask.java:262)
	at java.util.concurrent.ThreadPoolExecutor.runWorker(ThreadPoolExecutor.java:1145)
	at java.util.concurrent.ThreadPoolExecutor$Worker.run(ThreadPoolExecutor.java:615)
	at java.lang.Thread.run(Thread.java:745)
[com.alibaba.druid.stat.DruidDataSourceStatManager][ERROR] 2017-05-08 16:26:50,907 --> unregister mbean error com.alibaba.druid.stat.DruidDataSourceStatManager.removeDataSource(DruidDataSourceStatManager.java:202)  
javax.management.InstanceNotFoundException: com.alibaba.druid:type=DruidDataSourceStat
	at com.sun.jmx.interceptor.DefaultMBeanServerInterceptor.getMBean(DefaultMBeanServerInterceptor.java:1095)
	at com.sun.jmx.interceptor.DefaultMBeanServerInterceptor.exclusiveUnregisterMBean(DefaultMBeanServerInterceptor.java:427)
	at com.sun.jmx.interceptor.DefaultMBeanServerInterceptor.unregisterMBean(DefaultMBeanServerInterceptor.java:415)
	at com.sun.jmx.mbeanserver.JmxMBeanServer.unregisterMBean(JmxMBeanServer.java:546)
	at com.alibaba.druid.stat.DruidDataSourceStatManager.removeDataSource(DruidDataSourceStatManager.java:200)
	at com.alibaba.druid.pool.DruidDataSource$2.run(DruidDataSource.java:1475)
	at java.security.AccessController.doPrivileged(Native Method)
	at com.alibaba.druid.pool.DruidDataSource.unregisterMbean(DruidDataSource.java:1471)
	at com.alibaba.druid.pool.DruidDataSource.close(DruidDataSource.java:1430)
	at com.jfinal.plugin.druid.DruidPlugin.stop(DruidPlugin.java:180)
	at com.jfinal.core.JFinal.stopPlugins(JFinal.java:135)
	at com.jfinal.core.JFinalFilter.destroy(JFinalFilter.java:87)
	at org.apache.catalina.core.ApplicationFilterConfig.release(ApplicationFilterConfig.java:315)
	at org.apache.catalina.core.StandardContext.filterStop(StandardContext.java:4811)
	at org.apache.catalina.core.StandardContext.stopInternal(StandardContext.java:5618)
	at org.apache.catalina.util.LifecycleBase.stop(LifecycleBase.java:232)
	at org.apache.catalina.core.ContainerBase$StopChild.call(ContainerBase.java:1575)
	at org.apache.catalina.core.ContainerBase$StopChild.call(ContainerBase.java:1564)
	at java.util.concurrent.FutureTask.run(FutureTask.java:262)
	at java.util.concurrent.ThreadPoolExecutor.runWorker(ThreadPoolExecutor.java:1145)
	at java.util.concurrent.ThreadPoolExecutor$Worker.run(ThreadPoolExecutor.java:615)
	at java.lang.Thread.run(Thread.java:745)
[com.alibaba.druid.stat.DruidStatService][ERROR] 2017-05-08 16:26:50,911 --> unregister mbean error com.alibaba.druid.stat.DruidStatService.unregisterMBean(DruidStatService.java:376)  
javax.management.InstanceNotFoundException: com.alibaba.druid:type=DruidStatService
	at com.sun.jmx.interceptor.DefaultMBeanServerInterceptor.getMBean(DefaultMBeanServerInterceptor.java:1095)
	at com.sun.jmx.interceptor.DefaultMBeanServerInterceptor.exclusiveUnregisterMBean(DefaultMBeanServerInterceptor.java:427)
	at com.sun.jmx.interceptor.DefaultMBeanServerInterceptor.unregisterMBean(DefaultMBeanServerInterceptor.java:415)
	at com.sun.jmx.mbeanserver.JmxMBeanServer.unregisterMBean(JmxMBeanServer.java:546)
	at com.alibaba.druid.stat.DruidStatService.unregisterMBean(DruidStatService.java:374)
	at com.alibaba.druid.stat.DruidDataSourceStatManager.removeDataSource(DruidDataSourceStatManager.java:205)
	at com.alibaba.druid.pool.DruidDataSource$2.run(DruidDataSource.java:1475)
	at java.security.AccessController.doPrivileged(Native Method)
	at com.alibaba.druid.pool.DruidDataSource.unregisterMbean(DruidDataSource.java:1471)
	at com.alibaba.druid.pool.DruidDataSource.close(DruidDataSource.java:1430)
	at com.jfinal.plugin.druid.DruidPlugin.stop(DruidPlugin.java:180)
	at com.jfinal.core.JFinal.stopPlugins(JFinal.java:135)
	at com.jfinal.core.JFinalFilter.destroy(JFinalFilter.java:87)
	at org.apache.catalina.core.ApplicationFilterConfig.release(ApplicationFilterConfig.java:315)
	at org.apache.catalina.core.StandardContext.filterStop(StandardContext.java:4811)
	at org.apache.catalina.core.StandardContext.stopInternal(StandardContext.java:5618)
	at org.apache.catalina.util.LifecycleBase.stop(LifecycleBase.java:232)
	at org.apache.catalina.core.ContainerBase$StopChild.call(ContainerBase.java:1575)
	at org.apache.catalina.core.ContainerBase$StopChild.call(ContainerBase.java:1564)
	at java.util.concurrent.FutureTask.run(FutureTask.java:262)
	at java.util.concurrent.ThreadPoolExecutor.runWorker(ThreadPoolExecutor.java:1145)
	at java.util.concurrent.ThreadPoolExecutor$Worker.run(ThreadPoolExecutor.java:615)
	at java.lang.Thread.run(Thread.java:745)
[com.alibaba.druid.stat.DruidDataSourceStatManager][ERROR] 2017-05-09 14:42:09,074 --> unregister mbean error com.alibaba.druid.stat.DruidDataSourceStatManager.removeDataSource(DruidDataSourceStatManager.java:202)  
javax.management.InstanceNotFoundException: com.alibaba.druid:type=DruidDataSourceStat
	at com.sun.jmx.interceptor.DefaultMBeanServerInterceptor.getMBean(DefaultMBeanServerInterceptor.java:1095)
	at com.sun.jmx.interceptor.DefaultMBeanServerInterceptor.exclusiveUnregisterMBean(DefaultMBeanServerInterceptor.java:427)
	at com.sun.jmx.interceptor.DefaultMBeanServerInterceptor.unregisterMBean(DefaultMBeanServerInterceptor.java:415)
	at com.sun.jmx.mbeanserver.JmxMBeanServer.unregisterMBean(JmxMBeanServer.java:546)
	at com.alibaba.druid.stat.DruidDataSourceStatManager.removeDataSource(DruidDataSourceStatManager.java:200)
	at com.alibaba.druid.pool.DruidDataSource$2.run(DruidDataSource.java:1475)
	at java.security.AccessController.doPrivileged(Native Method)
	at com.alibaba.druid.pool.DruidDataSource.unregisterMbean(DruidDataSource.java:1471)
	at com.alibaba.druid.pool.DruidDataSource.close(DruidDataSource.java:1430)
	at com.jfinal.plugin.druid.DruidPlugin.stop(DruidPlugin.java:180)
	at com.jfinal.core.JFinal.stopPlugins(JFinal.java:135)
	at com.jfinal.core.JFinalFilter.destroy(JFinalFilter.java:87)
	at org.apache.catalina.core.ApplicationFilterConfig.release(ApplicationFilterConfig.java:315)
	at org.apache.catalina.core.StandardContext.filterStop(StandardContext.java:4811)
	at org.apache.catalina.core.StandardContext.stopInternal(StandardContext.java:5618)
	at org.apache.catalina.util.LifecycleBase.stop(LifecycleBase.java:232)
	at org.apache.catalina.core.ContainerBase$StopChild.call(ContainerBase.java:1575)
	at org.apache.catalina.core.ContainerBase$StopChild.call(ContainerBase.java:1564)
	at java.util.concurrent.FutureTask.run(FutureTask.java:262)
	at java.util.concurrent.ThreadPoolExecutor.runWorker(ThreadPoolExecutor.java:1145)
	at java.util.concurrent.ThreadPoolExecutor$Worker.run(ThreadPoolExecutor.java:615)
	at java.lang.Thread.run(Thread.java:745)
[com.alibaba.druid.stat.DruidStatService][ERROR] 2017-05-09 14:42:09,093 --> unregister mbean error com.alibaba.druid.stat.DruidStatService.unregisterMBean(DruidStatService.java:376)  
javax.management.InstanceNotFoundException: com.alibaba.druid:type=DruidStatService
	at com.sun.jmx.interceptor.DefaultMBeanServerInterceptor.getMBean(DefaultMBeanServerInterceptor.java:1095)
	at com.sun.jmx.interceptor.DefaultMBeanServerInterceptor.exclusiveUnregisterMBean(DefaultMBeanServerInterceptor.java:427)
	at com.sun.jmx.interceptor.DefaultMBeanServerInterceptor.unregisterMBean(DefaultMBeanServerInterceptor.java:415)
	at com.sun.jmx.mbeanserver.JmxMBeanServer.unregisterMBean(JmxMBeanServer.java:546)
	at com.alibaba.druid.stat.DruidStatService.unregisterMBean(DruidStatService.java:374)
	at com.alibaba.druid.stat.DruidDataSourceStatManager.removeDataSource(DruidDataSourceStatManager.java:205)
	at com.alibaba.druid.pool.DruidDataSource$2.run(DruidDataSource.java:1475)
	at java.security.AccessController.doPrivileged(Native Method)
	at com.alibaba.druid.pool.DruidDataSource.unregisterMbean(DruidDataSource.java:1471)
	at com.alibaba.druid.pool.DruidDataSource.close(DruidDataSource.java:1430)
	at com.jfinal.plugin.druid.DruidPlugin.stop(DruidPlugin.java:180)
	at com.jfinal.core.JFinal.stopPlugins(JFinal.java:135)
	at com.jfinal.core.JFinalFilter.destroy(JFinalFilter.java:87)
	at org.apache.catalina.core.ApplicationFilterConfig.release(ApplicationFilterConfig.java:315)
	at org.apache.catalina.core.StandardContext.filterStop(StandardContext.java:4811)
	at org.apache.catalina.core.StandardContext.stopInternal(StandardContext.java:5618)
	at org.apache.catalina.util.LifecycleBase.stop(LifecycleBase.java:232)
	at org.apache.catalina.core.ContainerBase$StopChild.call(ContainerBase.java:1575)
	at org.apache.catalina.core.ContainerBase$StopChild.call(ContainerBase.java:1564)
	at java.util.concurrent.FutureTask.run(FutureTask.java:262)
	at java.util.concurrent.ThreadPoolExecutor.runWorker(ThreadPoolExecutor.java:1145)
	at java.util.concurrent.ThreadPoolExecutor$Worker.run(ThreadPoolExecutor.java:615)
	at java.lang.Thread.run(Thread.java:745)
[com.alibaba.druid.stat.DruidDataSourceStatManager][ERROR] 2017-05-11 14:40:10,558 --> unregister mbean error com.alibaba.druid.stat.DruidDataSourceStatManager.removeDataSource(DruidDataSourceStatManager.java:202)  
javax.management.InstanceNotFoundException: com.alibaba.druid:type=DruidDataSourceStat
	at com.sun.jmx.interceptor.DefaultMBeanServerInterceptor.getMBean(DefaultMBeanServerInterceptor.java:1095)
	at com.sun.jmx.interceptor.DefaultMBeanServerInterceptor.exclusiveUnregisterMBean(DefaultMBeanServerInterceptor.java:427)
	at com.sun.jmx.interceptor.DefaultMBeanServerInterceptor.unregisterMBean(DefaultMBeanServerInterceptor.java:415)
	at com.sun.jmx.mbeanserver.JmxMBeanServer.unregisterMBean(JmxMBeanServer.java:546)
	at com.alibaba.druid.stat.DruidDataSourceStatManager.removeDataSource(DruidDataSourceStatManager.java:200)
	at com.alibaba.druid.pool.DruidDataSource$2.run(DruidDataSource.java:1475)
	at java.security.AccessController.doPrivileged(Native Method)
	at com.alibaba.druid.pool.DruidDataSource.unregisterMbean(DruidDataSource.java:1471)
	at com.alibaba.druid.pool.DruidDataSource.close(DruidDataSource.java:1430)
	at com.jfinal.plugin.druid.DruidPlugin.stop(DruidPlugin.java:180)
	at com.jfinal.core.JFinal.stopPlugins(JFinal.java:135)
	at com.jfinal.core.JFinalFilter.destroy(JFinalFilter.java:87)
	at org.apache.catalina.core.ApplicationFilterConfig.release(ApplicationFilterConfig.java:315)
	at org.apache.catalina.core.StandardContext.filterStop(StandardContext.java:4811)
	at org.apache.catalina.core.StandardContext.stopInternal(StandardContext.java:5618)
	at org.apache.catalina.util.LifecycleBase.stop(LifecycleBase.java:232)
	at org.apache.catalina.core.ContainerBase$StopChild.call(ContainerBase.java:1575)
	at org.apache.catalina.core.ContainerBase$StopChild.call(ContainerBase.java:1564)
	at java.util.concurrent.FutureTask.run(FutureTask.java:262)
	at java.util.concurrent.ThreadPoolExecutor.runWorker(ThreadPoolExecutor.java:1145)
	at java.util.concurrent.ThreadPoolExecutor$Worker.run(ThreadPoolExecutor.java:615)
	at java.lang.Thread.run(Thread.java:745)
[com.alibaba.druid.stat.DruidStatService][ERROR] 2017-05-11 14:40:10,570 --> unregister mbean error com.alibaba.druid.stat.DruidStatService.unregisterMBean(DruidStatService.java:376)  
javax.management.InstanceNotFoundException: com.alibaba.druid:type=DruidStatService
	at com.sun.jmx.interceptor.DefaultMBeanServerInterceptor.getMBean(DefaultMBeanServerInterceptor.java:1095)
	at com.sun.jmx.interceptor.DefaultMBeanServerInterceptor.exclusiveUnregisterMBean(DefaultMBeanServerInterceptor.java:427)
	at com.sun.jmx.interceptor.DefaultMBeanServerInterceptor.unregisterMBean(DefaultMBeanServerInterceptor.java:415)
	at com.sun.jmx.mbeanserver.JmxMBeanServer.unregisterMBean(JmxMBeanServer.java:546)
	at com.alibaba.druid.stat.DruidStatService.unregisterMBean(DruidStatService.java:374)
	at com.alibaba.druid.stat.DruidDataSourceStatManager.removeDataSource(DruidDataSourceStatManager.java:205)
	at com.alibaba.druid.pool.DruidDataSource$2.run(DruidDataSource.java:1475)
	at java.security.AccessController.doPrivileged(Native Method)
	at com.alibaba.druid.pool.DruidDataSource.unregisterMbean(DruidDataSource.java:1471)
	at com.alibaba.druid.pool.DruidDataSource.close(DruidDataSource.java:1430)
	at com.jfinal.plugin.druid.DruidPlugin.stop(DruidPlugin.java:180)
	at com.jfinal.core.JFinal.stopPlugins(JFinal.java:135)
	at com.jfinal.core.JFinalFilter.destroy(JFinalFilter.java:87)
	at org.apache.catalina.core.ApplicationFilterConfig.release(ApplicationFilterConfig.java:315)
	at org.apache.catalina.core.StandardContext.filterStop(StandardContext.java:4811)
	at org.apache.catalina.core.StandardContext.stopInternal(StandardContext.java:5618)
	at org.apache.catalina.util.LifecycleBase.stop(LifecycleBase.java:232)
	at org.apache.catalina.core.ContainerBase$StopChild.call(ContainerBase.java:1575)
	at org.apache.catalina.core.ContainerBase$StopChild.call(ContainerBase.java:1564)
	at java.util.concurrent.FutureTask.run(FutureTask.java:262)
	at java.util.concurrent.ThreadPoolExecutor.runWorker(ThreadPoolExecutor.java:1145)
	at java.util.concurrent.ThreadPoolExecutor$Worker.run(ThreadPoolExecutor.java:615)
	at java.lang.Thread.run(Thread.java:745)
[com.alibaba.druid.stat.DruidDataSourceStatManager][ERROR] 2017-05-11 15:25:39,843 --> unregister mbean error com.alibaba.druid.stat.DruidDataSourceStatManager.removeDataSource(DruidDataSourceStatManager.java:202)  
javax.management.InstanceNotFoundException: com.alibaba.druid:type=DruidDataSourceStat
	at com.sun.jmx.interceptor.DefaultMBeanServerInterceptor.getMBean(DefaultMBeanServerInterceptor.java:1095)
	at com.sun.jmx.interceptor.DefaultMBeanServerInterceptor.exclusiveUnregisterMBean(DefaultMBeanServerInterceptor.java:427)
	at com.sun.jmx.interceptor.DefaultMBeanServerInterceptor.unregisterMBean(DefaultMBeanServerInterceptor.java:415)
	at com.sun.jmx.mbeanserver.JmxMBeanServer.unregisterMBean(JmxMBeanServer.java:546)
	at com.alibaba.druid.stat.DruidDataSourceStatManager.removeDataSource(DruidDataSourceStatManager.java:200)
	at com.alibaba.druid.pool.DruidDataSource$2.run(DruidDataSource.java:1475)
	at java.security.AccessController.doPrivileged(Native Method)
	at com.alibaba.druid.pool.DruidDataSource.unregisterMbean(DruidDataSource.java:1471)
	at com.alibaba.druid.pool.DruidDataSource.close(DruidDataSource.java:1430)
	at com.jfinal.plugin.druid.DruidPlugin.stop(DruidPlugin.java:180)
	at com.jfinal.core.JFinal.stopPlugins(JFinal.java:135)
	at com.jfinal.core.JFinalFilter.destroy(JFinalFilter.java:87)
	at org.apache.catalina.core.ApplicationFilterConfig.release(ApplicationFilterConfig.java:315)
	at org.apache.catalina.core.StandardContext.filterStop(StandardContext.java:4811)
	at org.apache.catalina.core.StandardContext.stopInternal(StandardContext.java:5618)
	at org.apache.catalina.util.LifecycleBase.stop(LifecycleBase.java:232)
	at org.apache.catalina.core.ContainerBase$StopChild.call(ContainerBase.java:1575)
	at org.apache.catalina.core.ContainerBase$StopChild.call(ContainerBase.java:1564)
	at java.util.concurrent.FutureTask.run(FutureTask.java:262)
	at java.util.concurrent.ThreadPoolExecutor.runWorker(ThreadPoolExecutor.java:1145)
	at java.util.concurrent.ThreadPoolExecutor$Worker.run(ThreadPoolExecutor.java:615)
	at java.lang.Thread.run(Thread.java:745)
[com.alibaba.druid.stat.DruidStatService][ERROR] 2017-05-11 15:25:39,846 --> unregister mbean error com.alibaba.druid.stat.DruidStatService.unregisterMBean(DruidStatService.java:376)  
javax.management.InstanceNotFoundException: com.alibaba.druid:type=DruidStatService
	at com.sun.jmx.interceptor.DefaultMBeanServerInterceptor.getMBean(DefaultMBeanServerInterceptor.java:1095)
	at com.sun.jmx.interceptor.DefaultMBeanServerInterceptor.exclusiveUnregisterMBean(DefaultMBeanServerInterceptor.java:427)
	at com.sun.jmx.interceptor.DefaultMBeanServerInterceptor.unregisterMBean(DefaultMBeanServerInterceptor.java:415)
	at com.sun.jmx.mbeanserver.JmxMBeanServer.unregisterMBean(JmxMBeanServer.java:546)
	at com.alibaba.druid.stat.DruidStatService.unregisterMBean(DruidStatService.java:374)
	at com.alibaba.druid.stat.DruidDataSourceStatManager.removeDataSource(DruidDataSourceStatManager.java:205)
	at com.alibaba.druid.pool.DruidDataSource$2.run(DruidDataSource.java:1475)
	at java.security.AccessController.doPrivileged(Native Method)
	at com.alibaba.druid.pool.DruidDataSource.unregisterMbean(DruidDataSource.java:1471)
	at com.alibaba.druid.pool.DruidDataSource.close(DruidDataSource.java:1430)
	at com.jfinal.plugin.druid.DruidPlugin.stop(DruidPlugin.java:180)
	at com.jfinal.core.JFinal.stopPlugins(JFinal.java:135)
	at com.jfinal.core.JFinalFilter.destroy(JFinalFilter.java:87)
	at org.apache.catalina.core.ApplicationFilterConfig.release(ApplicationFilterConfig.java:315)
	at org.apache.catalina.core.StandardContext.filterStop(StandardContext.java:4811)
	at org.apache.catalina.core.StandardContext.stopInternal(StandardContext.java:5618)
	at org.apache.catalina.util.LifecycleBase.stop(LifecycleBase.java:232)
	at org.apache.catalina.core.ContainerBase$StopChild.call(ContainerBase.java:1575)
	at org.apache.catalina.core.ContainerBase$StopChild.call(ContainerBase.java:1564)
	at java.util.concurrent.FutureTask.run(FutureTask.java:262)
	at java.util.concurrent.ThreadPoolExecutor.runWorker(ThreadPoolExecutor.java:1145)
	at java.util.concurrent.ThreadPoolExecutor$Worker.run(ThreadPoolExecutor.java:615)
	at java.lang.Thread.run(Thread.java:745)
[com.alibaba.druid.stat.DruidDataSourceStatManager][ERROR] 2017-05-11 16:01:08,808 --> unregister mbean error com.alibaba.druid.stat.DruidDataSourceStatManager.removeDataSource(DruidDataSourceStatManager.java:202)  
javax.management.InstanceNotFoundException: com.alibaba.druid:type=DruidDataSourceStat
	at com.sun.jmx.interceptor.DefaultMBeanServerInterceptor.getMBean(DefaultMBeanServerInterceptor.java:1095)
	at com.sun.jmx.interceptor.DefaultMBeanServerInterceptor.exclusiveUnregisterMBean(DefaultMBeanServerInterceptor.java:427)
	at com.sun.jmx.interceptor.DefaultMBeanServerInterceptor.unregisterMBean(DefaultMBeanServerInterceptor.java:415)
	at com.sun.jmx.mbeanserver.JmxMBeanServer.unregisterMBean(JmxMBeanServer.java:546)
	at com.alibaba.druid.stat.DruidDataSourceStatManager.removeDataSource(DruidDataSourceStatManager.java:200)
	at com.alibaba.druid.pool.DruidDataSource$2.run(DruidDataSource.java:1475)
	at java.security.AccessController.doPrivileged(Native Method)
	at com.alibaba.druid.pool.DruidDataSource.unregisterMbean(DruidDataSource.java:1471)
	at com.alibaba.druid.pool.DruidDataSource.close(DruidDataSource.java:1430)
	at com.jfinal.plugin.druid.DruidPlugin.stop(DruidPlugin.java:180)
	at com.jfinal.core.JFinal.stopPlugins(JFinal.java:135)
	at com.jfinal.core.JFinalFilter.destroy(JFinalFilter.java:87)
	at org.apache.catalina.core.ApplicationFilterConfig.release(ApplicationFilterConfig.java:315)
	at org.apache.catalina.core.StandardContext.filterStop(StandardContext.java:4811)
	at org.apache.catalina.core.StandardContext.stopInternal(StandardContext.java:5618)
	at org.apache.catalina.util.LifecycleBase.stop(LifecycleBase.java:232)
	at org.apache.catalina.core.ContainerBase$StopChild.call(ContainerBase.java:1575)
	at org.apache.catalina.core.ContainerBase$StopChild.call(ContainerBase.java:1564)
	at java.util.concurrent.FutureTask.run(FutureTask.java:262)
	at java.util.concurrent.ThreadPoolExecutor.runWorker(ThreadPoolExecutor.java:1145)
	at java.util.concurrent.ThreadPoolExecutor$Worker.run(ThreadPoolExecutor.java:615)
	at java.lang.Thread.run(Thread.java:745)
[com.alibaba.druid.stat.DruidStatService][ERROR] 2017-05-11 16:01:08,810 --> unregister mbean error com.alibaba.druid.stat.DruidStatService.unregisterMBean(DruidStatService.java:376)  
javax.management.InstanceNotFoundException: com.alibaba.druid:type=DruidStatService
	at com.sun.jmx.interceptor.DefaultMBeanServerInterceptor.getMBean(DefaultMBeanServerInterceptor.java:1095)
	at com.sun.jmx.interceptor.DefaultMBeanServerInterceptor.exclusiveUnregisterMBean(DefaultMBeanServerInterceptor.java:427)
	at com.sun.jmx.interceptor.DefaultMBeanServerInterceptor.unregisterMBean(DefaultMBeanServerInterceptor.java:415)
	at com.sun.jmx.mbeanserver.JmxMBeanServer.unregisterMBean(JmxMBeanServer.java:546)
	at com.alibaba.druid.stat.DruidStatService.unregisterMBean(DruidStatService.java:374)
	at com.alibaba.druid.stat.DruidDataSourceStatManager.removeDataSource(DruidDataSourceStatManager.java:205)
	at com.alibaba.druid.pool.DruidDataSource$2.run(DruidDataSource.java:1475)
	at java.security.AccessController.doPrivileged(Native Method)
	at com.alibaba.druid.pool.DruidDataSource.unregisterMbean(DruidDataSource.java:1471)
	at com.alibaba.druid.pool.DruidDataSource.close(DruidDataSource.java:1430)
	at com.jfinal.plugin.druid.DruidPlugin.stop(DruidPlugin.java:180)
	at com.jfinal.core.JFinal.stopPlugins(JFinal.java:135)
	at com.jfinal.core.JFinalFilter.destroy(JFinalFilter.java:87)
	at org.apache.catalina.core.ApplicationFilterConfig.release(ApplicationFilterConfig.java:315)
	at org.apache.catalina.core.StandardContext.filterStop(StandardContext.java:4811)
	at org.apache.catalina.core.StandardContext.stopInternal(StandardContext.java:5618)
	at org.apache.catalina.util.LifecycleBase.stop(LifecycleBase.java:232)
	at org.apache.catalina.core.ContainerBase$StopChild.call(ContainerBase.java:1575)
	at org.apache.catalina.core.ContainerBase$StopChild.call(ContainerBase.java:1564)
	at java.util.concurrent.FutureTask.run(FutureTask.java:262)
	at java.util.concurrent.ThreadPoolExecutor.runWorker(ThreadPoolExecutor.java:1145)
	at java.util.concurrent.ThreadPoolExecutor$Worker.run(ThreadPoolExecutor.java:615)
	at java.lang.Thread.run(Thread.java:745)
[com.alibaba.druid.stat.DruidDataSourceStatManager][ERROR] 2017-05-12 13:59:06,945 --> unregister mbean error com.alibaba.druid.stat.DruidDataSourceStatManager.removeDataSource(DruidDataSourceStatManager.java:202)  
javax.management.InstanceNotFoundException: com.alibaba.druid:type=DruidDataSourceStat
	at com.sun.jmx.interceptor.DefaultMBeanServerInterceptor.getMBean(DefaultMBeanServerInterceptor.java:1095)
	at com.sun.jmx.interceptor.DefaultMBeanServerInterceptor.exclusiveUnregisterMBean(DefaultMBeanServerInterceptor.java:427)
	at com.sun.jmx.interceptor.DefaultMBeanServerInterceptor.unregisterMBean(DefaultMBeanServerInterceptor.java:415)
	at com.sun.jmx.mbeanserver.JmxMBeanServer.unregisterMBean(JmxMBeanServer.java:546)
	at com.alibaba.druid.stat.DruidDataSourceStatManager.removeDataSource(DruidDataSourceStatManager.java:200)
	at com.alibaba.druid.pool.DruidDataSource$2.run(DruidDataSource.java:1475)
	at java.security.AccessController.doPrivileged(Native Method)
	at com.alibaba.druid.pool.DruidDataSource.unregisterMbean(DruidDataSource.java:1471)
	at com.alibaba.druid.pool.DruidDataSource.close(DruidDataSource.java:1430)
	at com.jfinal.plugin.druid.DruidPlugin.stop(DruidPlugin.java:180)
	at com.jfinal.core.JFinal.stopPlugins(JFinal.java:135)
	at com.jfinal.core.JFinalFilter.destroy(JFinalFilter.java:87)
	at org.apache.catalina.core.ApplicationFilterConfig.release(ApplicationFilterConfig.java:315)
	at org.apache.catalina.core.StandardContext.filterStop(StandardContext.java:4811)
	at org.apache.catalina.core.StandardContext.stopInternal(StandardContext.java:5618)
	at org.apache.catalina.util.LifecycleBase.stop(LifecycleBase.java:232)
	at org.apache.catalina.core.ContainerBase$StopChild.call(ContainerBase.java:1575)
	at org.apache.catalina.core.ContainerBase$StopChild.call(ContainerBase.java:1564)
	at java.util.concurrent.FutureTask.run(FutureTask.java:262)
	at java.util.concurrent.ThreadPoolExecutor.runWorker(ThreadPoolExecutor.java:1145)
	at java.util.concurrent.ThreadPoolExecutor$Worker.run(ThreadPoolExecutor.java:615)
	at java.lang.Thread.run(Thread.java:745)
[com.alibaba.druid.stat.DruidStatService][ERROR] 2017-05-12 13:59:06,971 --> unregister mbean error com.alibaba.druid.stat.DruidStatService.unregisterMBean(DruidStatService.java:376)  
javax.management.InstanceNotFoundException: com.alibaba.druid:type=DruidStatService
	at com.sun.jmx.interceptor.DefaultMBeanServerInterceptor.getMBean(DefaultMBeanServerInterceptor.java:1095)
	at com.sun.jmx.interceptor.DefaultMBeanServerInterceptor.exclusiveUnregisterMBean(DefaultMBeanServerInterceptor.java:427)
	at com.sun.jmx.interceptor.DefaultMBeanServerInterceptor.unregisterMBean(DefaultMBeanServerInterceptor.java:415)
	at com.sun.jmx.mbeanserver.JmxMBeanServer.unregisterMBean(JmxMBeanServer.java:546)
	at com.alibaba.druid.stat.DruidStatService.unregisterMBean(DruidStatService.java:374)
	at com.alibaba.druid.stat.DruidDataSourceStatManager.removeDataSource(DruidDataSourceStatManager.java:205)
	at com.alibaba.druid.pool.DruidDataSource$2.run(DruidDataSource.java:1475)
	at java.security.AccessController.doPrivileged(Native Method)
	at com.alibaba.druid.pool.DruidDataSource.unregisterMbean(DruidDataSource.java:1471)
	at com.alibaba.druid.pool.DruidDataSource.close(DruidDataSource.java:1430)
	at com.jfinal.plugin.druid.DruidPlugin.stop(DruidPlugin.java:180)
	at com.jfinal.core.JFinal.stopPlugins(JFinal.java:135)
	at com.jfinal.core.JFinalFilter.destroy(JFinalFilter.java:87)
	at org.apache.catalina.core.ApplicationFilterConfig.release(ApplicationFilterConfig.java:315)
	at org.apache.catalina.core.StandardContext.filterStop(StandardContext.java:4811)
	at org.apache.catalina.core.StandardContext.stopInternal(StandardContext.java:5618)
	at org.apache.catalina.util.LifecycleBase.stop(LifecycleBase.java:232)
	at org.apache.catalina.core.ContainerBase$StopChild.call(ContainerBase.java:1575)
	at org.apache.catalina.core.ContainerBase$StopChild.call(ContainerBase.java:1564)
	at java.util.concurrent.FutureTask.run(FutureTask.java:262)
	at java.util.concurrent.ThreadPoolExecutor.runWorker(ThreadPoolExecutor.java:1145)
	at java.util.concurrent.ThreadPoolExecutor$Worker.run(ThreadPoolExecutor.java:615)
	at java.lang.Thread.run(Thread.java:745)
[com.alibaba.druid.stat.DruidDataSourceStatManager][ERROR] 2017-05-12 14:20:00,193 --> unregister mbean error com.alibaba.druid.stat.DruidDataSourceStatManager.removeDataSource(DruidDataSourceStatManager.java:202)  
javax.management.InstanceNotFoundException: com.alibaba.druid:type=DruidDataSourceStat
	at com.sun.jmx.interceptor.DefaultMBeanServerInterceptor.getMBean(DefaultMBeanServerInterceptor.java:1095)
	at com.sun.jmx.interceptor.DefaultMBeanServerInterceptor.exclusiveUnregisterMBean(DefaultMBeanServerInterceptor.java:427)
	at com.sun.jmx.interceptor.DefaultMBeanServerInterceptor.unregisterMBean(DefaultMBeanServerInterceptor.java:415)
	at com.sun.jmx.mbeanserver.JmxMBeanServer.unregisterMBean(JmxMBeanServer.java:546)
	at com.alibaba.druid.stat.DruidDataSourceStatManager.removeDataSource(DruidDataSourceStatManager.java:200)
	at com.alibaba.druid.pool.DruidDataSource$2.run(DruidDataSource.java:1475)
	at java.security.AccessController.doPrivileged(Native Method)
	at com.alibaba.druid.pool.DruidDataSource.unregisterMbean(DruidDataSource.java:1471)
	at com.alibaba.druid.pool.DruidDataSource.close(DruidDataSource.java:1430)
	at com.jfinal.plugin.druid.DruidPlugin.stop(DruidPlugin.java:180)
	at com.jfinal.core.JFinal.stopPlugins(JFinal.java:135)
	at com.jfinal.core.JFinalFilter.destroy(JFinalFilter.java:87)
	at org.apache.catalina.core.ApplicationFilterConfig.release(ApplicationFilterConfig.java:315)
	at org.apache.catalina.core.StandardContext.filterStop(StandardContext.java:4811)
	at org.apache.catalina.core.StandardContext.stopInternal(StandardContext.java:5618)
	at org.apache.catalina.util.LifecycleBase.stop(LifecycleBase.java:232)
	at org.apache.catalina.core.ContainerBase$StopChild.call(ContainerBase.java:1575)
	at org.apache.catalina.core.ContainerBase$StopChild.call(ContainerBase.java:1564)
	at java.util.concurrent.FutureTask.run(FutureTask.java:262)
	at java.util.concurrent.ThreadPoolExecutor.runWorker(ThreadPoolExecutor.java:1145)
	at java.util.concurrent.ThreadPoolExecutor$Worker.run(ThreadPoolExecutor.java:615)
	at java.lang.Thread.run(Thread.java:745)
[com.alibaba.druid.stat.DruidStatService][ERROR] 2017-05-12 14:20:00,195 --> unregister mbean error com.alibaba.druid.stat.DruidStatService.unregisterMBean(DruidStatService.java:376)  
javax.management.InstanceNotFoundException: com.alibaba.druid:type=DruidStatService
	at com.sun.jmx.interceptor.DefaultMBeanServerInterceptor.getMBean(DefaultMBeanServerInterceptor.java:1095)
	at com.sun.jmx.interceptor.DefaultMBeanServerInterceptor.exclusiveUnregisterMBean(DefaultMBeanServerInterceptor.java:427)
	at com.sun.jmx.interceptor.DefaultMBeanServerInterceptor.unregisterMBean(DefaultMBeanServerInterceptor.java:415)
	at com.sun.jmx.mbeanserver.JmxMBeanServer.unregisterMBean(JmxMBeanServer.java:546)
	at com.alibaba.druid.stat.DruidStatService.unregisterMBean(DruidStatService.java:374)
	at com.alibaba.druid.stat.DruidDataSourceStatManager.removeDataSource(DruidDataSourceStatManager.java:205)
	at com.alibaba.druid.pool.DruidDataSource$2.run(DruidDataSource.java:1475)
	at java.security.AccessController.doPrivileged(Native Method)
	at com.alibaba.druid.pool.DruidDataSource.unregisterMbean(DruidDataSource.java:1471)
	at com.alibaba.druid.pool.DruidDataSource.close(DruidDataSource.java:1430)
	at com.jfinal.plugin.druid.DruidPlugin.stop(DruidPlugin.java:180)
	at com.jfinal.core.JFinal.stopPlugins(JFinal.java:135)
	at com.jfinal.core.JFinalFilter.destroy(JFinalFilter.java:87)
	at org.apache.catalina.core.ApplicationFilterConfig.release(ApplicationFilterConfig.java:315)
	at org.apache.catalina.core.StandardContext.filterStop(StandardContext.java:4811)
	at org.apache.catalina.core.StandardContext.stopInternal(StandardContext.java:5618)
	at org.apache.catalina.util.LifecycleBase.stop(LifecycleBase.java:232)
	at org.apache.catalina.core.ContainerBase$StopChild.call(ContainerBase.java:1575)
	at org.apache.catalina.core.ContainerBase$StopChild.call(ContainerBase.java:1564)
	at java.util.concurrent.FutureTask.run(FutureTask.java:262)
	at java.util.concurrent.ThreadPoolExecutor.runWorker(ThreadPoolExecutor.java:1145)
	at java.util.concurrent.ThreadPoolExecutor$Worker.run(ThreadPoolExecutor.java:615)
	at java.lang.Thread.run(Thread.java:745)
[com.alibaba.druid.stat.DruidDataSourceStatManager][ERROR] 2017-05-12 14:26:18,443 --> unregister mbean error com.alibaba.druid.stat.DruidDataSourceStatManager.removeDataSource(DruidDataSourceStatManager.java:202)  
javax.management.InstanceNotFoundException: com.alibaba.druid:type=DruidDataSourceStat
	at com.sun.jmx.interceptor.DefaultMBeanServerInterceptor.getMBean(DefaultMBeanServerInterceptor.java:1095)
	at com.sun.jmx.interceptor.DefaultMBeanServerInterceptor.exclusiveUnregisterMBean(DefaultMBeanServerInterceptor.java:427)
	at com.sun.jmx.interceptor.DefaultMBeanServerInterceptor.unregisterMBean(DefaultMBeanServerInterceptor.java:415)
	at com.sun.jmx.mbeanserver.JmxMBeanServer.unregisterMBean(JmxMBeanServer.java:546)
	at com.alibaba.druid.stat.DruidDataSourceStatManager.removeDataSource(DruidDataSourceStatManager.java:200)
	at com.alibaba.druid.pool.DruidDataSource$2.run(DruidDataSource.java:1475)
	at java.security.AccessController.doPrivileged(Native Method)
	at com.alibaba.druid.pool.DruidDataSource.unregisterMbean(DruidDataSource.java:1471)
	at com.alibaba.druid.pool.DruidDataSource.close(DruidDataSource.java:1430)
	at com.jfinal.plugin.druid.DruidPlugin.stop(DruidPlugin.java:180)
	at com.jfinal.core.JFinal.stopPlugins(JFinal.java:135)
	at com.jfinal.core.JFinalFilter.destroy(JFinalFilter.java:87)
	at org.apache.catalina.core.ApplicationFilterConfig.release(ApplicationFilterConfig.java:315)
	at org.apache.catalina.core.StandardContext.filterStop(StandardContext.java:4811)
	at org.apache.catalina.core.StandardContext.stopInternal(StandardContext.java:5618)
	at org.apache.catalina.util.LifecycleBase.stop(LifecycleBase.java:232)
	at org.apache.catalina.core.ContainerBase$StopChild.call(ContainerBase.java:1575)
	at org.apache.catalina.core.ContainerBase$StopChild.call(ContainerBase.java:1564)
	at java.util.concurrent.FutureTask.run(FutureTask.java:262)
	at java.util.concurrent.ThreadPoolExecutor.runWorker(ThreadPoolExecutor.java:1145)
	at java.util.concurrent.ThreadPoolExecutor$Worker.run(ThreadPoolExecutor.java:615)
	at java.lang.Thread.run(Thread.java:745)
[com.alibaba.druid.stat.DruidStatService][ERROR] 2017-05-12 14:26:18,445 --> unregister mbean error com.alibaba.druid.stat.DruidStatService.unregisterMBean(DruidStatService.java:376)  
javax.management.InstanceNotFoundException: com.alibaba.druid:type=DruidStatService
	at com.sun.jmx.interceptor.DefaultMBeanServerInterceptor.getMBean(DefaultMBeanServerInterceptor.java:1095)
	at com.sun.jmx.interceptor.DefaultMBeanServerInterceptor.exclusiveUnregisterMBean(DefaultMBeanServerInterceptor.java:427)
	at com.sun.jmx.interceptor.DefaultMBeanServerInterceptor.unregisterMBean(DefaultMBeanServerInterceptor.java:415)
	at com.sun.jmx.mbeanserver.JmxMBeanServer.unregisterMBean(JmxMBeanServer.java:546)
	at com.alibaba.druid.stat.DruidStatService.unregisterMBean(DruidStatService.java:374)
	at com.alibaba.druid.stat.DruidDataSourceStatManager.removeDataSource(DruidDataSourceStatManager.java:205)
	at com.alibaba.druid.pool.DruidDataSource$2.run(DruidDataSource.java:1475)
	at java.security.AccessController.doPrivileged(Native Method)
	at com.alibaba.druid.pool.DruidDataSource.unregisterMbean(DruidDataSource.java:1471)
	at com.alibaba.druid.pool.DruidDataSource.close(DruidDataSource.java:1430)
	at com.jfinal.plugin.druid.DruidPlugin.stop(DruidPlugin.java:180)
	at com.jfinal.core.JFinal.stopPlugins(JFinal.java:135)
	at com.jfinal.core.JFinalFilter.destroy(JFinalFilter.java:87)
	at org.apache.catalina.core.ApplicationFilterConfig.release(ApplicationFilterConfig.java:315)
	at org.apache.catalina.core.StandardContext.filterStop(StandardContext.java:4811)
	at org.apache.catalina.core.StandardContext.stopInternal(StandardContext.java:5618)
	at org.apache.catalina.util.LifecycleBase.stop(LifecycleBase.java:232)
	at org.apache.catalina.core.ContainerBase$StopChild.call(ContainerBase.java:1575)
	at org.apache.catalina.core.ContainerBase$StopChild.call(ContainerBase.java:1564)
	at java.util.concurrent.FutureTask.run(FutureTask.java:262)
	at java.util.concurrent.ThreadPoolExecutor.runWorker(ThreadPoolExecutor.java:1145)
	at java.util.concurrent.ThreadPoolExecutor$Worker.run(ThreadPoolExecutor.java:615)
	at java.lang.Thread.run(Thread.java:745)
[com.alibaba.druid.stat.DruidDataSourceStatManager][ERROR] 2017-05-12 18:06:56,738 --> unregister mbean error com.alibaba.druid.stat.DruidDataSourceStatManager.removeDataSource(DruidDataSourceStatManager.java:202)  
javax.management.InstanceNotFoundException: com.alibaba.druid:type=DruidDataSourceStat
	at com.sun.jmx.interceptor.DefaultMBeanServerInterceptor.getMBean(DefaultMBeanServerInterceptor.java:1095)
	at com.sun.jmx.interceptor.DefaultMBeanServerInterceptor.exclusiveUnregisterMBean(DefaultMBeanServerInterceptor.java:427)
	at com.sun.jmx.interceptor.DefaultMBeanServerInterceptor.unregisterMBean(DefaultMBeanServerInterceptor.java:415)
	at com.sun.jmx.mbeanserver.JmxMBeanServer.unregisterMBean(JmxMBeanServer.java:546)
	at com.alibaba.druid.stat.DruidDataSourceStatManager.removeDataSource(DruidDataSourceStatManager.java:200)
	at com.alibaba.druid.pool.DruidDataSource$2.run(DruidDataSource.java:1475)
	at java.security.AccessController.doPrivileged(Native Method)
	at com.alibaba.druid.pool.DruidDataSource.unregisterMbean(DruidDataSource.java:1471)
	at com.alibaba.druid.pool.DruidDataSource.close(DruidDataSource.java:1430)
	at com.jfinal.plugin.druid.DruidPlugin.stop(DruidPlugin.java:180)
	at com.jfinal.core.JFinal.stopPlugins(JFinal.java:135)
	at com.jfinal.core.JFinalFilter.destroy(JFinalFilter.java:87)
	at org.apache.catalina.core.ApplicationFilterConfig.release(ApplicationFilterConfig.java:315)
	at org.apache.catalina.core.StandardContext.filterStop(StandardContext.java:4811)
	at org.apache.catalina.core.StandardContext.stopInternal(StandardContext.java:5618)
	at org.apache.catalina.util.LifecycleBase.stop(LifecycleBase.java:232)
	at org.apache.catalina.core.ContainerBase$StopChild.call(ContainerBase.java:1575)
	at org.apache.catalina.core.ContainerBase$StopChild.call(ContainerBase.java:1564)
	at java.util.concurrent.FutureTask.run(FutureTask.java:262)
	at java.util.concurrent.ThreadPoolExecutor.runWorker(ThreadPoolExecutor.java:1145)
	at java.util.concurrent.ThreadPoolExecutor$Worker.run(ThreadPoolExecutor.java:615)
	at java.lang.Thread.run(Thread.java:745)
[com.alibaba.druid.stat.DruidStatService][ERROR] 2017-05-12 18:06:56,741 --> unregister mbean error com.alibaba.druid.stat.DruidStatService.unregisterMBean(DruidStatService.java:376)  
javax.management.InstanceNotFoundException: com.alibaba.druid:type=DruidStatService
	at com.sun.jmx.interceptor.DefaultMBeanServerInterceptor.getMBean(DefaultMBeanServerInterceptor.java:1095)
	at com.sun.jmx.interceptor.DefaultMBeanServerInterceptor.exclusiveUnregisterMBean(DefaultMBeanServerInterceptor.java:427)
	at com.sun.jmx.interceptor.DefaultMBeanServerInterceptor.unregisterMBean(DefaultMBeanServerInterceptor.java:415)
	at com.sun.jmx.mbeanserver.JmxMBeanServer.unregisterMBean(JmxMBeanServer.java:546)
	at com.alibaba.druid.stat.DruidStatService.unregisterMBean(DruidStatService.java:374)
	at com.alibaba.druid.stat.DruidDataSourceStatManager.removeDataSource(DruidDataSourceStatManager.java:205)
	at com.alibaba.druid.pool.DruidDataSource$2.run(DruidDataSource.java:1475)
	at java.security.AccessController.doPrivileged(Native Method)
	at com.alibaba.druid.pool.DruidDataSource.unregisterMbean(DruidDataSource.java:1471)
	at com.alibaba.druid.pool.DruidDataSource.close(DruidDataSource.java:1430)
	at com.jfinal.plugin.druid.DruidPlugin.stop(DruidPlugin.java:180)
	at com.jfinal.core.JFinal.stopPlugins(JFinal.java:135)
	at com.jfinal.core.JFinalFilter.destroy(JFinalFilter.java:87)
	at org.apache.catalina.core.ApplicationFilterConfig.release(ApplicationFilterConfig.java:315)
	at org.apache.catalina.core.StandardContext.filterStop(StandardContext.java:4811)
	at org.apache.catalina.core.StandardContext.stopInternal(StandardContext.java:5618)
	at org.apache.catalina.util.LifecycleBase.stop(LifecycleBase.java:232)
	at org.apache.catalina.core.ContainerBase$StopChild.call(ContainerBase.java:1575)
	at org.apache.catalina.core.ContainerBase$StopChild.call(ContainerBase.java:1564)
	at java.util.concurrent.FutureTask.run(FutureTask.java:262)
	at java.util.concurrent.ThreadPoolExecutor.runWorker(ThreadPoolExecutor.java:1145)
	at java.util.concurrent.ThreadPoolExecutor$Worker.run(ThreadPoolExecutor.java:615)
	at java.lang.Thread.run(Thread.java:745)
[com.alibaba.druid.stat.DruidDataSourceStatManager][ERROR] 2017-05-17 17:42:58,229 --> unregister mbean error com.alibaba.druid.stat.DruidDataSourceStatManager.removeDataSource(DruidDataSourceStatManager.java:202)  
javax.management.InstanceNotFoundException: com.alibaba.druid:type=DruidDataSourceStat
	at com.sun.jmx.interceptor.DefaultMBeanServerInterceptor.getMBean(DefaultMBeanServerInterceptor.java:1095)
	at com.sun.jmx.interceptor.DefaultMBeanServerInterceptor.exclusiveUnregisterMBean(DefaultMBeanServerInterceptor.java:427)
	at com.sun.jmx.interceptor.DefaultMBeanServerInterceptor.unregisterMBean(DefaultMBeanServerInterceptor.java:415)
	at com.sun.jmx.mbeanserver.JmxMBeanServer.unregisterMBean(JmxMBeanServer.java:546)
	at com.alibaba.druid.stat.DruidDataSourceStatManager.removeDataSource(DruidDataSourceStatManager.java:200)
	at com.alibaba.druid.pool.DruidDataSource$2.run(DruidDataSource.java:1475)
	at java.security.AccessController.doPrivileged(Native Method)
	at com.alibaba.druid.pool.DruidDataSource.unregisterMbean(DruidDataSource.java:1471)
	at com.alibaba.druid.pool.DruidDataSource.close(DruidDataSource.java:1430)
	at com.jfinal.plugin.druid.DruidPlugin.stop(DruidPlugin.java:180)
	at com.jfinal.core.JFinal.stopPlugins(JFinal.java:135)
	at com.jfinal.core.JFinalFilter.destroy(JFinalFilter.java:87)
	at org.apache.catalina.core.ApplicationFilterConfig.release(ApplicationFilterConfig.java:315)
	at org.apache.catalina.core.StandardContext.filterStop(StandardContext.java:4811)
	at org.apache.catalina.core.StandardContext.stopInternal(StandardContext.java:5618)
	at org.apache.catalina.util.LifecycleBase.stop(LifecycleBase.java:232)
	at org.apache.catalina.core.ContainerBase$StopChild.call(ContainerBase.java:1575)
	at org.apache.catalina.core.ContainerBase$StopChild.call(ContainerBase.java:1564)
	at java.util.concurrent.FutureTask.run(FutureTask.java:262)
	at java.util.concurrent.ThreadPoolExecutor.runWorker(ThreadPoolExecutor.java:1145)
	at java.util.concurrent.ThreadPoolExecutor$Worker.run(ThreadPoolExecutor.java:615)
	at java.lang.Thread.run(Thread.java:745)
[com.alibaba.druid.stat.DruidStatService][ERROR] 2017-05-17 17:42:58,257 --> unregister mbean error com.alibaba.druid.stat.DruidStatService.unregisterMBean(DruidStatService.java:376)  
javax.management.InstanceNotFoundException: com.alibaba.druid:type=DruidStatService
	at com.sun.jmx.interceptor.DefaultMBeanServerInterceptor.getMBean(DefaultMBeanServerInterceptor.java:1095)
	at com.sun.jmx.interceptor.DefaultMBeanServerInterceptor.exclusiveUnregisterMBean(DefaultMBeanServerInterceptor.java:427)
	at com.sun.jmx.interceptor.DefaultMBeanServerInterceptor.unregisterMBean(DefaultMBeanServerInterceptor.java:415)
	at com.sun.jmx.mbeanserver.JmxMBeanServer.unregisterMBean(JmxMBeanServer.java:546)
	at com.alibaba.druid.stat.DruidStatService.unregisterMBean(DruidStatService.java:374)
	at com.alibaba.druid.stat.DruidDataSourceStatManager.removeDataSource(DruidDataSourceStatManager.java:205)
	at com.alibaba.druid.pool.DruidDataSource$2.run(DruidDataSource.java:1475)
	at java.security.AccessController.doPrivileged(Native Method)
	at com.alibaba.druid.pool.DruidDataSource.unregisterMbean(DruidDataSource.java:1471)
	at com.alibaba.druid.pool.DruidDataSource.close(DruidDataSource.java:1430)
	at com.jfinal.plugin.druid.DruidPlugin.stop(DruidPlugin.java:180)
	at com.jfinal.core.JFinal.stopPlugins(JFinal.java:135)
	at com.jfinal.core.JFinalFilter.destroy(JFinalFilter.java:87)
	at org.apache.catalina.core.ApplicationFilterConfig.release(ApplicationFilterConfig.java:315)
	at org.apache.catalina.core.StandardContext.filterStop(StandardContext.java:4811)
	at org.apache.catalina.core.StandardContext.stopInternal(StandardContext.java:5618)
	at org.apache.catalina.util.LifecycleBase.stop(LifecycleBase.java:232)
	at org.apache.catalina.core.ContainerBase$StopChild.call(ContainerBase.java:1575)
	at org.apache.catalina.core.ContainerBase$StopChild.call(ContainerBase.java:1564)
	at java.util.concurrent.FutureTask.run(FutureTask.java:262)
	at java.util.concurrent.ThreadPoolExecutor.runWorker(ThreadPoolExecutor.java:1145)
	at java.util.concurrent.ThreadPoolExecutor$Worker.run(ThreadPoolExecutor.java:615)
	at java.lang.Thread.run(Thread.java:745)
[com.alibaba.druid.stat.DruidDataSourceStatManager][ERROR] 2017-05-18 14:51:39,730 --> unregister mbean error com.alibaba.druid.stat.DruidDataSourceStatManager.removeDataSource(DruidDataSourceStatManager.java:202)  
javax.management.InstanceNotFoundException: com.alibaba.druid:type=DruidDataSourceStat
	at com.sun.jmx.interceptor.DefaultMBeanServerInterceptor.getMBean(DefaultMBeanServerInterceptor.java:1095)
	at com.sun.jmx.interceptor.DefaultMBeanServerInterceptor.exclusiveUnregisterMBean(DefaultMBeanServerInterceptor.java:427)
	at com.sun.jmx.interceptor.DefaultMBeanServerInterceptor.unregisterMBean(DefaultMBeanServerInterceptor.java:415)
	at com.sun.jmx.mbeanserver.JmxMBeanServer.unregisterMBean(JmxMBeanServer.java:546)
	at com.alibaba.druid.stat.DruidDataSourceStatManager.removeDataSource(DruidDataSourceStatManager.java:200)
	at com.alibaba.druid.pool.DruidDataSource$2.run(DruidDataSource.java:1475)
	at java.security.AccessController.doPrivileged(Native Method)
	at com.alibaba.druid.pool.DruidDataSource.unregisterMbean(DruidDataSource.java:1471)
	at com.alibaba.druid.pool.DruidDataSource.close(DruidDataSource.java:1430)
	at com.jfinal.plugin.druid.DruidPlugin.stop(DruidPlugin.java:180)
	at com.jfinal.core.JFinal.stopPlugins(JFinal.java:135)
	at com.jfinal.core.JFinalFilter.destroy(JFinalFilter.java:87)
	at org.apache.catalina.core.ApplicationFilterConfig.release(ApplicationFilterConfig.java:315)
	at org.apache.catalina.core.StandardContext.filterStop(StandardContext.java:4811)
	at org.apache.catalina.core.StandardContext.stopInternal(StandardContext.java:5618)
	at org.apache.catalina.util.LifecycleBase.stop(LifecycleBase.java:232)
	at org.apache.catalina.core.ContainerBase$StopChild.call(ContainerBase.java:1575)
	at org.apache.catalina.core.ContainerBase$StopChild.call(ContainerBase.java:1564)
	at java.util.concurrent.FutureTask.run(FutureTask.java:262)
	at java.util.concurrent.ThreadPoolExecutor.runWorker(ThreadPoolExecutor.java:1145)
	at java.util.concurrent.ThreadPoolExecutor$Worker.run(ThreadPoolExecutor.java:615)
	at java.lang.Thread.run(Thread.java:745)
[com.alibaba.druid.stat.DruidStatService][ERROR] 2017-05-18 14:51:39,753 --> unregister mbean error com.alibaba.druid.stat.DruidStatService.unregisterMBean(DruidStatService.java:376)  
javax.management.InstanceNotFoundException: com.alibaba.druid:type=DruidStatService
	at com.sun.jmx.interceptor.DefaultMBeanServerInterceptor.getMBean(DefaultMBeanServerInterceptor.java:1095)
	at com.sun.jmx.interceptor.DefaultMBeanServerInterceptor.exclusiveUnregisterMBean(DefaultMBeanServerInterceptor.java:427)
	at com.sun.jmx.interceptor.DefaultMBeanServerInterceptor.unregisterMBean(DefaultMBeanServerInterceptor.java:415)
	at com.sun.jmx.mbeanserver.JmxMBeanServer.unregisterMBean(JmxMBeanServer.java:546)
	at com.alibaba.druid.stat.DruidStatService.unregisterMBean(DruidStatService.java:374)
	at com.alibaba.druid.stat.DruidDataSourceStatManager.removeDataSource(DruidDataSourceStatManager.java:205)
	at com.alibaba.druid.pool.DruidDataSource$2.run(DruidDataSource.java:1475)
	at java.security.AccessController.doPrivileged(Native Method)
	at com.alibaba.druid.pool.DruidDataSource.unregisterMbean(DruidDataSource.java:1471)
	at com.alibaba.druid.pool.DruidDataSource.close(DruidDataSource.java:1430)
	at com.jfinal.plugin.druid.DruidPlugin.stop(DruidPlugin.java:180)
	at com.jfinal.core.JFinal.stopPlugins(JFinal.java:135)
	at com.jfinal.core.JFinalFilter.destroy(JFinalFilter.java:87)
	at org.apache.catalina.core.ApplicationFilterConfig.release(ApplicationFilterConfig.java:315)
	at org.apache.catalina.core.StandardContext.filterStop(StandardContext.java:4811)
	at org.apache.catalina.core.StandardContext.stopInternal(StandardContext.java:5618)
	at org.apache.catalina.util.LifecycleBase.stop(LifecycleBase.java:232)
	at org.apache.catalina.core.ContainerBase$StopChild.call(ContainerBase.java:1575)
	at org.apache.catalina.core.ContainerBase$StopChild.call(ContainerBase.java:1564)
	at java.util.concurrent.FutureTask.run(FutureTask.java:262)
	at java.util.concurrent.ThreadPoolExecutor.runWorker(ThreadPoolExecutor.java:1145)
	at java.util.concurrent.ThreadPoolExecutor$Worker.run(ThreadPoolExecutor.java:615)
	at java.lang.Thread.run(Thread.java:745)
[com.alibaba.druid.stat.DruidDataSourceStatManager][ERROR] 2017-05-18 14:57:13,125 --> unregister mbean error com.alibaba.druid.stat.DruidDataSourceStatManager.removeDataSource(DruidDataSourceStatManager.java:202)  
javax.management.InstanceNotFoundException: com.alibaba.druid:type=DruidDataSourceStat
	at com.sun.jmx.interceptor.DefaultMBeanServerInterceptor.getMBean(DefaultMBeanServerInterceptor.java:1095)
	at com.sun.jmx.interceptor.DefaultMBeanServerInterceptor.exclusiveUnregisterMBean(DefaultMBeanServerInterceptor.java:427)
	at com.sun.jmx.interceptor.DefaultMBeanServerInterceptor.unregisterMBean(DefaultMBeanServerInterceptor.java:415)
	at com.sun.jmx.mbeanserver.JmxMBeanServer.unregisterMBean(JmxMBeanServer.java:546)
	at com.alibaba.druid.stat.DruidDataSourceStatManager.removeDataSource(DruidDataSourceStatManager.java:200)
	at com.alibaba.druid.pool.DruidDataSource$2.run(DruidDataSource.java:1475)
	at java.security.AccessController.doPrivileged(Native Method)
	at com.alibaba.druid.pool.DruidDataSource.unregisterMbean(DruidDataSource.java:1471)
	at com.alibaba.druid.pool.DruidDataSource.close(DruidDataSource.java:1430)
	at com.jfinal.plugin.druid.DruidPlugin.stop(DruidPlugin.java:180)
	at com.jfinal.core.JFinal.stopPlugins(JFinal.java:135)
	at com.jfinal.core.JFinalFilter.destroy(JFinalFilter.java:87)
	at org.apache.catalina.core.ApplicationFilterConfig.release(ApplicationFilterConfig.java:315)
	at org.apache.catalina.core.StandardContext.filterStop(StandardContext.java:4811)
	at org.apache.catalina.core.StandardContext.stopInternal(StandardContext.java:5618)
	at org.apache.catalina.util.LifecycleBase.stop(LifecycleBase.java:232)
	at org.apache.catalina.core.ContainerBase$StopChild.call(ContainerBase.java:1575)
	at org.apache.catalina.core.ContainerBase$StopChild.call(ContainerBase.java:1564)
	at java.util.concurrent.FutureTask.run(FutureTask.java:262)
	at java.util.concurrent.ThreadPoolExecutor.runWorker(ThreadPoolExecutor.java:1145)
	at java.util.concurrent.ThreadPoolExecutor$Worker.run(ThreadPoolExecutor.java:615)
	at java.lang.Thread.run(Thread.java:745)
[com.alibaba.druid.stat.DruidStatService][ERROR] 2017-05-18 14:57:13,128 --> unregister mbean error com.alibaba.druid.stat.DruidStatService.unregisterMBean(DruidStatService.java:376)  
javax.management.InstanceNotFoundException: com.alibaba.druid:type=DruidStatService
	at com.sun.jmx.interceptor.DefaultMBeanServerInterceptor.getMBean(DefaultMBeanServerInterceptor.java:1095)
	at com.sun.jmx.interceptor.DefaultMBeanServerInterceptor.exclusiveUnregisterMBean(DefaultMBeanServerInterceptor.java:427)
	at com.sun.jmx.interceptor.DefaultMBeanServerInterceptor.unregisterMBean(DefaultMBeanServerInterceptor.java:415)
	at com.sun.jmx.mbeanserver.JmxMBeanServer.unregisterMBean(JmxMBeanServer.java:546)
	at com.alibaba.druid.stat.DruidStatService.unregisterMBean(DruidStatService.java:374)
	at com.alibaba.druid.stat.DruidDataSourceStatManager.removeDataSource(DruidDataSourceStatManager.java:205)
	at com.alibaba.druid.pool.DruidDataSource$2.run(DruidDataSource.java:1475)
	at java.security.AccessController.doPrivileged(Native Method)
	at com.alibaba.druid.pool.DruidDataSource.unregisterMbean(DruidDataSource.java:1471)
	at com.alibaba.druid.pool.DruidDataSource.close(DruidDataSource.java:1430)
	at com.jfinal.plugin.druid.DruidPlugin.stop(DruidPlugin.java:180)
	at com.jfinal.core.JFinal.stopPlugins(JFinal.java:135)
	at com.jfinal.core.JFinalFilter.destroy(JFinalFilter.java:87)
	at org.apache.catalina.core.ApplicationFilterConfig.release(ApplicationFilterConfig.java:315)
	at org.apache.catalina.core.StandardContext.filterStop(StandardContext.java:4811)
	at org.apache.catalina.core.StandardContext.stopInternal(StandardContext.java:5618)
	at org.apache.catalina.util.LifecycleBase.stop(LifecycleBase.java:232)
	at org.apache.catalina.core.ContainerBase$StopChild.call(ContainerBase.java:1575)
	at org.apache.catalina.core.ContainerBase$StopChild.call(ContainerBase.java:1564)
	at java.util.concurrent.FutureTask.run(FutureTask.java:262)
	at java.util.concurrent.ThreadPoolExecutor.runWorker(ThreadPoolExecutor.java:1145)
	at java.util.concurrent.ThreadPoolExecutor$Worker.run(ThreadPoolExecutor.java:615)
	at java.lang.Thread.run(Thread.java:745)
[com.alibaba.druid.stat.DruidDataSourceStatManager][ERROR] 2017-05-26 18:00:20,243 --> unregister mbean error com.alibaba.druid.stat.DruidDataSourceStatManager.removeDataSource(DruidDataSourceStatManager.java:202)  
javax.management.InstanceNotFoundException: com.alibaba.druid:type=DruidDataSourceStat
	at com.sun.jmx.interceptor.DefaultMBeanServerInterceptor.getMBean(DefaultMBeanServerInterceptor.java:1095)
	at com.sun.jmx.interceptor.DefaultMBeanServerInterceptor.exclusiveUnregisterMBean(DefaultMBeanServerInterceptor.java:427)
	at com.sun.jmx.interceptor.DefaultMBeanServerInterceptor.unregisterMBean(DefaultMBeanServerInterceptor.java:415)
	at com.sun.jmx.mbeanserver.JmxMBeanServer.unregisterMBean(JmxMBeanServer.java:546)
	at com.alibaba.druid.stat.DruidDataSourceStatManager.removeDataSource(DruidDataSourceStatManager.java:200)
	at com.alibaba.druid.pool.DruidDataSource$2.run(DruidDataSource.java:1475)
	at java.security.AccessController.doPrivileged(Native Method)
	at com.alibaba.druid.pool.DruidDataSource.unregisterMbean(DruidDataSource.java:1471)
	at com.alibaba.druid.pool.DruidDataSource.close(DruidDataSource.java:1430)
	at com.jfinal.plugin.druid.DruidPlugin.stop(DruidPlugin.java:180)
	at com.jfinal.core.JFinal.stopPlugins(JFinal.java:135)
	at com.jfinal.core.JFinalFilter.destroy(JFinalFilter.java:87)
	at org.apache.catalina.core.ApplicationFilterConfig.release(ApplicationFilterConfig.java:315)
	at org.apache.catalina.core.StandardContext.filterStop(StandardContext.java:4811)
	at org.apache.catalina.core.StandardContext.stopInternal(StandardContext.java:5618)
	at org.apache.catalina.util.LifecycleBase.stop(LifecycleBase.java:232)
	at org.apache.catalina.core.ContainerBase$StopChild.call(ContainerBase.java:1575)
	at org.apache.catalina.core.ContainerBase$StopChild.call(ContainerBase.java:1564)
	at java.util.concurrent.FutureTask.run(FutureTask.java:262)
	at java.util.concurrent.ThreadPoolExecutor.runWorker(ThreadPoolExecutor.java:1145)
	at java.util.concurrent.ThreadPoolExecutor$Worker.run(ThreadPoolExecutor.java:615)
	at java.lang.Thread.run(Thread.java:745)
[com.alibaba.druid.stat.DruidStatService][ERROR] 2017-05-26 18:00:20,263 --> unregister mbean error com.alibaba.druid.stat.DruidStatService.unregisterMBean(DruidStatService.java:376)  
javax.management.InstanceNotFoundException: com.alibaba.druid:type=DruidStatService
	at com.sun.jmx.interceptor.DefaultMBeanServerInterceptor.getMBean(DefaultMBeanServerInterceptor.java:1095)
	at com.sun.jmx.interceptor.DefaultMBeanServerInterceptor.exclusiveUnregisterMBean(DefaultMBeanServerInterceptor.java:427)
	at com.sun.jmx.interceptor.DefaultMBeanServerInterceptor.unregisterMBean(DefaultMBeanServerInterceptor.java:415)
	at com.sun.jmx.mbeanserver.JmxMBeanServer.unregisterMBean(JmxMBeanServer.java:546)
	at com.alibaba.druid.stat.DruidStatService.unregisterMBean(DruidStatService.java:374)
	at com.alibaba.druid.stat.DruidDataSourceStatManager.removeDataSource(DruidDataSourceStatManager.java:205)
	at com.alibaba.druid.pool.DruidDataSource$2.run(DruidDataSource.java:1475)
	at java.security.AccessController.doPrivileged(Native Method)
	at com.alibaba.druid.pool.DruidDataSource.unregisterMbean(DruidDataSource.java:1471)
	at com.alibaba.druid.pool.DruidDataSource.close(DruidDataSource.java:1430)
	at com.jfinal.plugin.druid.DruidPlugin.stop(DruidPlugin.java:180)
	at com.jfinal.core.JFinal.stopPlugins(JFinal.java:135)
	at com.jfinal.core.JFinalFilter.destroy(JFinalFilter.java:87)
	at org.apache.catalina.core.ApplicationFilterConfig.release(ApplicationFilterConfig.java:315)
	at org.apache.catalina.core.StandardContext.filterStop(StandardContext.java:4811)
	at org.apache.catalina.core.StandardContext.stopInternal(StandardContext.java:5618)
	at org.apache.catalina.util.LifecycleBase.stop(LifecycleBase.java:232)
	at org.apache.catalina.core.ContainerBase$StopChild.call(ContainerBase.java:1575)
	at org.apache.catalina.core.ContainerBase$StopChild.call(ContainerBase.java:1564)
	at java.util.concurrent.FutureTask.run(FutureTask.java:262)
	at java.util.concurrent.ThreadPoolExecutor.runWorker(ThreadPoolExecutor.java:1145)
	at java.util.concurrent.ThreadPoolExecutor$Worker.run(ThreadPoolExecutor.java:615)
	at java.lang.Thread.run(Thread.java:745)
[com.alibaba.druid.stat.DruidDataSourceStatManager][ERROR] 2017-05-27 11:32:13,450 --> unregister mbean error com.alibaba.druid.stat.DruidDataSourceStatManager.removeDataSource(DruidDataSourceStatManager.java:202)  
javax.management.InstanceNotFoundException: com.alibaba.druid:type=DruidDataSourceStat
	at com.sun.jmx.interceptor.DefaultMBeanServerInterceptor.getMBean(DefaultMBeanServerInterceptor.java:1095)
	at com.sun.jmx.interceptor.DefaultMBeanServerInterceptor.exclusiveUnregisterMBean(DefaultMBeanServerInterceptor.java:427)
	at com.sun.jmx.interceptor.DefaultMBeanServerInterceptor.unregisterMBean(DefaultMBeanServerInterceptor.java:415)
	at com.sun.jmx.mbeanserver.JmxMBeanServer.unregisterMBean(JmxMBeanServer.java:546)
	at com.alibaba.druid.stat.DruidDataSourceStatManager.removeDataSource(DruidDataSourceStatManager.java:200)
	at com.alibaba.druid.pool.DruidDataSource$2.run(DruidDataSource.java:1475)
	at java.security.AccessController.doPrivileged(Native Method)
	at com.alibaba.druid.pool.DruidDataSource.unregisterMbean(DruidDataSource.java:1471)
	at com.alibaba.druid.pool.DruidDataSource.close(DruidDataSource.java:1430)
	at com.jfinal.plugin.druid.DruidPlugin.stop(DruidPlugin.java:180)
	at com.jfinal.core.JFinal.stopPlugins(JFinal.java:135)
	at com.jfinal.core.JFinalFilter.destroy(JFinalFilter.java:87)
	at org.apache.catalina.core.ApplicationFilterConfig.release(ApplicationFilterConfig.java:315)
	at org.apache.catalina.core.StandardContext.filterStop(StandardContext.java:4811)
	at org.apache.catalina.core.StandardContext.stopInternal(StandardContext.java:5618)
	at org.apache.catalina.util.LifecycleBase.stop(LifecycleBase.java:232)
	at org.apache.catalina.core.ContainerBase$StopChild.call(ContainerBase.java:1575)
	at org.apache.catalina.core.ContainerBase$StopChild.call(ContainerBase.java:1564)
	at java.util.concurrent.FutureTask.run(FutureTask.java:262)
	at java.util.concurrent.ThreadPoolExecutor.runWorker(ThreadPoolExecutor.java:1145)
	at java.util.concurrent.ThreadPoolExecutor$Worker.run(ThreadPoolExecutor.java:615)
	at java.lang.Thread.run(Thread.java:745)
[com.alibaba.druid.stat.DruidStatService][ERROR] 2017-05-27 11:32:13,467 --> unregister mbean error com.alibaba.druid.stat.DruidStatService.unregisterMBean(DruidStatService.java:376)  
javax.management.InstanceNotFoundException: com.alibaba.druid:type=DruidStatService
	at com.sun.jmx.interceptor.DefaultMBeanServerInterceptor.getMBean(DefaultMBeanServerInterceptor.java:1095)
	at com.sun.jmx.interceptor.DefaultMBeanServerInterceptor.exclusiveUnregisterMBean(DefaultMBeanServerInterceptor.java:427)
	at com.sun.jmx.interceptor.DefaultMBeanServerInterceptor.unregisterMBean(DefaultMBeanServerInterceptor.java:415)
	at com.sun.jmx.mbeanserver.JmxMBeanServer.unregisterMBean(JmxMBeanServer.java:546)
	at com.alibaba.druid.stat.DruidStatService.unregisterMBean(DruidStatService.java:374)
	at com.alibaba.druid.stat.DruidDataSourceStatManager.removeDataSource(DruidDataSourceStatManager.java:205)
	at com.alibaba.druid.pool.DruidDataSource$2.run(DruidDataSource.java:1475)
	at java.security.AccessController.doPrivileged(Native Method)
	at com.alibaba.druid.pool.DruidDataSource.unregisterMbean(DruidDataSource.java:1471)
	at com.alibaba.druid.pool.DruidDataSource.close(DruidDataSource.java:1430)
	at com.jfinal.plugin.druid.DruidPlugin.stop(DruidPlugin.java:180)
	at com.jfinal.core.JFinal.stopPlugins(JFinal.java:135)
	at com.jfinal.core.JFinalFilter.destroy(JFinalFilter.java:87)
	at org.apache.catalina.core.ApplicationFilterConfig.release(ApplicationFilterConfig.java:315)
	at org.apache.catalina.core.StandardContext.filterStop(StandardContext.java:4811)
	at org.apache.catalina.core.StandardContext.stopInternal(StandardContext.java:5618)
	at org.apache.catalina.util.LifecycleBase.stop(LifecycleBase.java:232)
	at org.apache.catalina.core.ContainerBase$StopChild.call(ContainerBase.java:1575)
	at org.apache.catalina.core.ContainerBase$StopChild.call(ContainerBase.java:1564)
	at java.util.concurrent.FutureTask.run(FutureTask.java:262)
	at java.util.concurrent.ThreadPoolExecutor.runWorker(ThreadPoolExecutor.java:1145)
	at java.util.concurrent.ThreadPoolExecutor$Worker.run(ThreadPoolExecutor.java:615)
	at java.lang.Thread.run(Thread.java:745)
