[BankLoader][INFO] 2017-05-26 17:46:27,646 --> Load Bank Success: [9, sdf] com.moa.viliage.loan.BankLoader.loadBanks(BankLoader.java:46)  
[BankLoader][INFO] 2017-05-26 17:46:27,646 --> Load Bank Success: [10, xcg] com.moa.viliage.loan.BankLoader.loadBanks(BankLoader.java:46)  
[BankLoader][INFO] 2017-05-26 17:46:27,646 --> Load Bank Success: [11, qqq] com.moa.viliage.loan.BankLoader.loadBanks(BankLoader.java:46)  
[BankLoader][INFO] 2017-05-26 17:46:27,646 --> Load Bank Success: [13, aaaaaaaa] com.moa.viliage.loan.BankLoader.loadBanks(BankLoader.java:46)  
[BankLoader][INFO] 2017-05-26 17:46:27,646 --> Load Bank Success: [14, ttttttt] com.moa.viliage.loan.BankLoader.loadBanks(BankLoader.java:46)  
[BankLoader][INFO] 2017-05-26 17:46:27,646 --> Load Bank Success: [15, xxxxx] com.moa.viliage.loan.BankLoader.loadBanks(BankLoader.java:46)  
[BankLoader][INFO] 2017-05-26 17:46:27,646 --> Load Bank Success: [16, ppppp] com.moa.viliage.loan.BankLoader.loadBanks(BankLoader.java:46)  
[BankLoader][INFO] 2017-05-26 17:46:27,646 --> Load Bank Success: [17, ppppppppp] com.moa.viliage.loan.BankLoader.loadBanks(BankLoader.java:46)  
[BankLoader][INFO] 2017-05-26 17:46:27,646 --> Load Bank Success: [19, mmmmm] com.moa.viliage.loan.BankLoader.loadBanks(BankLoader.java:46)  
[BankLoader][INFO] 2017-05-26 17:46:27,646 --> Load Bank Success: [20, tttttttt] com.moa.viliage.loan.BankLoader.loadBanks(BankLoader.java:46)  
[BankLoader][INFO] 2017-05-26 17:46:27,646 --> Load Bank Success: [21, mmmmmmmmmmm] com.moa.viliage.loan.BankLoader.loadBanks(BankLoader.java:46)  
[BankLoader][INFO] 2017-05-26 17:46:27,646 --> Load Bank Success: [22, UI哦] com.moa.viliage.loan.BankLoader.loadBanks(BankLoader.java:46)  
[BankLoader][INFO] 2017-05-26 17:46:27,646 --> Load Bank Success: [23, tyut] com.moa.viliage.loan.BankLoader.loadBanks(BankLoader.java:46)  
[BankLoader][INFO] 2017-05-26 17:46:27,646 --> Load Bank Success: [24, ytutyu] com.moa.viliage.loan.BankLoader.loadBanks(BankLoader.java:46)  
[BankLoader][INFO] 2017-05-26 17:46:27,646 --> Load Bank Success: [25, rtu] com.moa.viliage.loan.BankLoader.loadBanks(BankLoader.java:46)  
[BankLoader][INFO] 2017-05-26 17:46:27,646 --> Load Bank Success: [26, dfhd] com.moa.viliage.loan.BankLoader.loadBanks(BankLoader.java:46)  
[BankLoader][INFO] 2017-05-26 17:46:27,646 --> Load Bank Success: [27, ry] com.moa.viliage.loan.BankLoader.loadBanks(BankLoader.java:46)  
[BankLoader][INFO] 2017-05-26 17:46:27,646 --> Load Bank Success: [28, 大概] com.moa.viliage.loan.BankLoader.loadBanks(BankLoader.java:46)  
[BankLoader][INFO] 2017-05-26 17:46:27,646 --> Load Bank Success: [30, 嘿嘿银行] com.moa.viliage.loan.BankLoader.loadBanks(BankLoader.java:46)  
[BankLoader][INFO] 2017-05-26 17:46:27,646 --> Load Bank Success: [31, 嘿嘿担保公司] com.moa.viliage.loan.BankLoader.loadBanks(BankLoader.java:46)  
[BankLoader][INFO] 2017-05-26 17:46:27,646 --> Load Bank Success: [32, sdf] com.moa.viliage.loan.BankLoader.loadBanks(BankLoader.java:46)  
[BankLoader][INFO] 2017-05-26 17:46:27,646 --> Load Bank Success: [33, sdf] com.moa.viliage.loan.BankLoader.loadBanks(BankLoader.java:46)  
[BankLoader][INFO] 2017-05-26 17:46:27,646 --> Load Bank Success: [34, sdf] com.moa.viliage.loan.BankLoader.loadBanks(BankLoader.java:46)  
[BankLoader][INFO] 2017-05-26 17:46:27,646 --> Load Bank Success: [35, aa] com.moa.viliage.loan.BankLoader.loadBanks(BankLoader.java:46)  
[BankLoader][INFO] 2017-05-26 17:46:27,646 --> Load Bank Success: [36, aa] com.moa.viliage.loan.BankLoader.loadBanks(BankLoader.java:46)  
[BankLoader][INFO] 2017-05-26 17:46:27,646 --> Load Bank Success: [37, aa] com.moa.viliage.loan.BankLoader.loadBanks(BankLoader.java:46)  
[BankLoader][INFO] 2017-05-26 17:46:27,646 --> Load Bank Success: [38, sf] com.moa.viliage.loan.BankLoader.loadBanks(BankLoader.java:46)  
[BankLoader][INFO] 2017-05-26 17:46:27,646 --> Load Bank Success: [39, dg] com.moa.viliage.loan.BankLoader.loadBanks(BankLoader.java:46)  
[BankLoader][INFO] 2017-05-26 17:46:27,646 --> Load Bank Success: [40, 收到] com.moa.viliage.loan.BankLoader.loadBanks(BankLoader.java:46)  
[BankLoader][INFO] 2017-05-26 17:46:27,646 --> Load Bank Success: [41, 是] com.moa.viliage.loan.BankLoader.loadBanks(BankLoader.java:46)  
[BankLoader][INFO] 2017-05-26 17:46:27,646 --> Load Bank Success: [42, 有] com.moa.viliage.loan.BankLoader.loadBanks(BankLoader.java:46)  
[BankLoader][INFO] 2017-05-26 17:46:27,646 --> Load Bank Success: [43, qqqqqqqqqqqqqqq] com.moa.viliage.loan.BankLoader.loadBanks(BankLoader.java:46)  
[BankLoader][INFO] 2017-05-26 17:46:27,646 --> Load Bank Success: [44, 农发贷] com.moa.viliage.loan.BankLoader.loadBanks(BankLoader.java:46)  
[BankLoader][INFO] 2017-05-26 17:46:27,646 --> Load Bank Success: [45, fs] com.moa.viliage.loan.BankLoader.loadBanks(BankLoader.java:46)  
[BankLoader][INFO] 2017-05-26 17:46:27,646 --> Load Bank Success: [46, 互联网金融公司机构] com.moa.viliage.loan.BankLoader.loadBanks(BankLoader.java:46)  
[BankLoader][INFO] 2017-05-26 17:46:27,646 --> Load Bank Success: [47, 农发贷1] com.moa.viliage.loan.BankLoader.loadBanks(BankLoader.java:46)  
[BankLoader][INFO] 2017-05-26 17:46:27,646 --> Load Bank Success: [48, 网上银行] com.moa.viliage.loan.BankLoader.loadBanks(BankLoader.java:46)  
[BankLoader][INFO] 2017-05-26 17:46:27,646 --> Load Bank Success: [49, 打啊打] com.moa.viliage.loan.BankLoader.loadBanks(BankLoader.java:46)  
[BankLoader][INFO] 2017-05-26 17:46:27,646 --> Load Bank Success: [50, test银行] com.moa.viliage.loan.BankLoader.loadBanks(BankLoader.java:46)  
[BankLoader][INFO] 2017-05-26 17:46:27,646 --> Load Bank Success: [51, 嘿嘿嘿] com.moa.viliage.loan.BankLoader.loadBanks(BankLoader.java:46)  
[FiProdLoader][INFO] 2017-05-26 17:46:27,661 --> load fiProd success:[2:133dc3a3b91d4e72805848063bca7b1e, 农业产业链贷款] com.moa.viliage.loan.FiProdLoader.loadFiProds(FiProdLoader.java:45)  
[FiProdLoader][INFO] 2017-05-26 17:46:27,661 --> load fiProd success:[2:5bd0ae8079974bea943acfd744f3c426, 农村承包土地的经营权抵押贷款] com.moa.viliage.loan.FiProdLoader.loadFiProds(FiProdLoader.java:45)  
[FiProdLoader][INFO] 2017-05-26 17:46:27,661 --> load fiProd success:[2:73f73bc64a7c4498a2dec999f92d422c, 家庭农场（专业大户）贷款] com.moa.viliage.loan.FiProdLoader.loadFiProds(FiProdLoader.java:45)  
[FiProdLoader][INFO] 2017-05-26 17:46:27,661 --> load fiProd success:[2:753781de66b44bd4b001ce54784350e9, 农户小额贷款] com.moa.viliage.loan.FiProdLoader.loadFiProds(FiProdLoader.java:45)  
[FiProdLoader][INFO] 2017-05-26 17:46:27,661 --> load fiProd success:[2:9cce2b29c75b4fbda7751048f1dce50f, 农民专业合作社贷款] com.moa.viliage.loan.FiProdLoader.loadFiProds(FiProdLoader.java:45)  
[FiProdLoader][INFO] 2017-05-26 17:46:27,661 --> load fiProd success:[2:f72561f2b6524198aa1f650d68747a30, 17年抗旱农机具购买专项资金] com.moa.viliage.loan.FiProdLoader.loadFiProds(FiProdLoader.java:45)  
[FiProdLoader][INFO] 2017-05-26 17:46:27,661 --> load fiProd success:[2:fe3534565187454a90d545ebc831a4c9, 农民住房财产权抵押贷款] com.moa.viliage.loan.FiProdLoader.loadFiProds(FiProdLoader.java:45)  
[FiProdLoader][INFO] 2017-05-26 17:46:27,661 --> load fiProd success:[1:21e3491b19d543a79b56aa4dfea5f1a0, 详情测试] com.moa.viliage.loan.FiProdLoader.loadFiProds(FiProdLoader.java:45)  
[FiProdLoader][INFO] 2017-05-26 17:46:27,661 --> load fiProd success:[1:3d4d77d6de1243d8b087aa97ec56acae, 全国qqqqqqq] com.moa.viliage.loan.FiProdLoader.loadFiProds(FiProdLoader.java:45)  
[FiProdLoader][INFO] 2017-05-26 17:46:27,661 --> load fiProd success:[1:48fbf179ff614be8bc1492cbb08108ca, 河南省产品] com.moa.viliage.loan.FiProdLoader.loadFiProds(FiProdLoader.java:45)  
[FiProdLoader][INFO] 2017-05-26 17:46:27,661 --> load fiProd success:[1:5cab75db1f96478bb796c6438164f0a8, 河南省郑州市产品] com.moa.viliage.loan.FiProdLoader.loadFiProds(FiProdLoader.java:45)  
[FiProdLoader][INFO] 2017-05-26 17:46:27,677 --> load fiProd success:[1:721154976f7347199e2a20f0d9c11f3d, 小额贷款] com.moa.viliage.loan.FiProdLoader.loadFiProds(FiProdLoader.java:45)  
[FiProdLoader][INFO] 2017-05-26 17:46:27,677 --> load fiProd success:[1:8be86d8a1c3445e6984c884f3610d21d, 666999] com.moa.viliage.loan.FiProdLoader.loadFiProds(FiProdLoader.java:45)  
[FiProdLoader][INFO] 2017-05-26 17:46:27,677 --> load fiProd success:[1:9e3328c5150f429482deec99e8339323, 邮箱测试] com.moa.viliage.loan.FiProdLoader.loadFiProds(FiProdLoader.java:45)  
[FiProdLoader][INFO] 2017-05-26 17:46:27,677 --> load fiProd success:[1:e664823169c34370b7dfb520da460161, 家庭农场贷款] com.moa.viliage.loan.FiProdLoader.loadFiProds(FiProdLoader.java:45)  
[FiProdLoader][INFO] 2017-05-26 17:46:27,677 --> load fiProd success:[1:fb16ee45f9fa483b8aee7dd7f8742da1, 宜信] com.moa.viliage.loan.FiProdLoader.loadFiProds(FiProdLoader.java:45)  
[FiProdLoader][INFO] 2017-05-26 17:46:27,677 --> load fiProd success:[1:fe0bea72f4564c9c9ebe35582f95db62, 贷信信] com.moa.viliage.loan.FiProdLoader.loadFiProds(FiProdLoader.java:45)  
[FiProdLoader][INFO] 2017-05-26 17:46:27,677 --> load fiProd success:[3:347cf25a58064085a3f4b40227613b9f, 创业股权投资基金] com.moa.viliage.loan.FiProdLoader.loadFiProds(FiProdLoader.java:45)  
[FiProdLoader][INFO] 2017-05-26 17:46:27,677 --> load fiProd success:[3:48596a987c50496185083fb03813e8a6, 微小(小微)类农业担保融资] com.moa.viliage.loan.FiProdLoader.loadFiProds(FiProdLoader.java:45)  
[FiProdLoader][INFO] 2017-05-26 17:46:27,677 --> load fiProd success:[3:739c350af82c400899ab2511a20b9c7a, 互联网农业金融P2P融资] com.moa.viliage.loan.FiProdLoader.loadFiProds(FiProdLoader.java:45)  
[FiProdLoader][INFO] 2017-05-26 17:46:27,677 --> load fiProd success:[3:bce11b3f3d6146d8b0fd83292d0824ec, 普通类农业担保融资] com.moa.viliage.loan.FiProdLoader.loadFiProds(FiProdLoader.java:45)  
[FiProdLoader][INFO] 2017-05-26 17:46:27,677 --> load fiProd success:[3:ef5ac92475ac4bf2b2ac7dc56c1ed2bc, 1] com.moa.viliage.loan.FiProdLoader.loadFiProds(FiProdLoader.java:45)  
[FiProdLoader][INFO] 2017-05-26 17:46:27,677 --> load fiProd success:[4:e980de6961cc4a6e8b981edaa3054e3f, 惠农担?粮易贷] com.moa.viliage.loan.FiProdLoader.loadFiProds(FiProdLoader.java:45)  
[FiProdLoader][INFO] 2017-05-26 17:46:27,677 --> load fiProd success:[30:bf4d8f8afa5649fc8314f46e3f36409a, sdf] com.moa.viliage.loan.FiProdLoader.loadFiProds(FiProdLoader.java:45)  
[FiProdLoader][INFO] 2017-05-26 17:46:27,677 --> load fiProd success:[46:2f5979a82b014c76afb78605f0a7958f, 农发贷1] com.moa.viliage.loan.FiProdLoader.loadFiProds(FiProdLoader.java:45)  
[FiProdLoader][INFO] 2017-05-26 17:46:27,677 --> load fiProd success:[46:6630fbde5701446497275ad12f6e6443, 3] com.moa.viliage.loan.FiProdLoader.loadFiProds(FiProdLoader.java:45)  
[FiProdLoader][INFO] 2017-05-26 17:46:27,677 --> load fiProd success:[47:2672bfb61a1b414080c04097e47e6ca3, 农发贷111] com.moa.viliage.loan.FiProdLoader.loadFiProds(FiProdLoader.java:45)  
[FiProdLoader][INFO] 2017-05-26 17:46:27,677 --> load fiProd success:[48:1ae25a02e692458ca2eea50e322710a0, ouh] com.moa.viliage.loan.FiProdLoader.loadFiProds(FiProdLoader.java:45)  
[FiProdLoader][INFO] 2017-05-26 17:46:27,677 --> load fiProd success:[48:d1e662635bb54a029c0c8ee511cacc1b, 网上银行] com.moa.viliage.loan.FiProdLoader.loadFiProds(FiProdLoader.java:45)  
[FiProdLoader][INFO] 2017-05-26 17:46:27,677 --> load fiProd success:[49:a33d31d95ea84665b9e20584d3c2e727, 111] com.moa.viliage.loan.FiProdLoader.loadFiProds(FiProdLoader.java:45)  
[FiProdLoader][INFO] 2017-05-26 17:46:27,677 --> load fiProd success:[49:beeb375c4e6d4b98a5ed2c78c6184fb8, 程宏佳333] com.moa.viliage.loan.FiProdLoader.loadFiProds(FiProdLoader.java:45)  
[FiProdLoader][INFO] 2017-05-26 17:46:27,677 --> load fiProd success:[49:cf8aef192f344aa898125bdf150fff99, 大叔大婶多所多所] com.moa.viliage.loan.FiProdLoader.loadFiProds(FiProdLoader.java:45)  
[FiProdLoader][INFO] 2017-05-26 17:46:27,677 --> load fiProd success:[49:d691478f583d43a9afe80cf5864787e9, 程宏佳11] com.moa.viliage.loan.FiProdLoader.loadFiProds(FiProdLoader.java:45)  
[FiProdLoader][INFO] 2017-05-26 17:46:27,677 --> load fiProd success:[49:dc794676831e41508c6e640276aa4068, chenghongjia ] com.moa.viliage.loan.FiProdLoader.loadFiProds(FiProdLoader.java:45)  
[FiProdLoader][INFO] 2017-05-26 17:46:27,677 --> load fiProd success:[49:dfef6a16074242fb848f6142a347fc8d, 程爱英] com.moa.viliage.loan.FiProdLoader.loadFiProds(FiProdLoader.java:45)  
[FiProdLoader][INFO] 2017-05-26 17:46:27,677 --> load fiProd success:[49:f6f1dcb58d014773890c858074b81497, 杭州] com.moa.viliage.loan.FiProdLoader.loadFiProds(FiProdLoader.java:45)  
[FiProdLoader][INFO] 2017-05-26 17:46:27,677 --> load fiProd success:[50:3f0f7a123b1c4dc4940b5271260cbed2, test产品1] com.moa.viliage.loan.FiProdLoader.loadFiProds(FiProdLoader.java:45)  
[FiProdLoader][INFO] 2017-05-26 17:46:27,677 --> load fiProd success:[51:cb445574bb98434eb9627e315bab117d, 咻咻咻] com.moa.viliage.loan.FiProdLoader.loadFiProds(FiProdLoader.java:45)  
[FiProdLoader][INFO] 2017-05-26 17:46:27,677 --> load fiProd success:[51:e62d973f67464fe4bc5a60d880a95525, 嘿嘿嘿嘿嘿嘿嘿] com.moa.viliage.loan.FiProdLoader.loadFiProds(FiProdLoader.java:45)  
[com.alibaba.druid.stat.DruidDataSourceStatManager][ERROR] 2017-05-26 18:00:20,243 --> unregister mbean error com.alibaba.druid.stat.DruidDataSourceStatManager.removeDataSource(DruidDataSourceStatManager.java:202)  
javax.management.InstanceNotFoundException: com.alibaba.druid:type=DruidDataSourceStat
	at com.sun.jmx.interceptor.DefaultMBeanServerInterceptor.getMBean(DefaultMBeanServerInterceptor.java:1095)
	at com.sun.jmx.interceptor.DefaultMBeanServerInterceptor.exclusiveUnregisterMBean(DefaultMBeanServerInterceptor.java:427)
	at com.sun.jmx.interceptor.DefaultMBeanServerInterceptor.unregisterMBean(DefaultMBeanServerInterceptor.java:415)
	at com.sun.jmx.mbeanserver.JmxMBeanServer.unregisterMBean(JmxMBeanServer.java:546)
	at com.alibaba.druid.stat.DruidDataSourceStatManager.removeDataSource(DruidDataSourceStatManager.java:200)
	at com.alibaba.druid.pool.DruidDataSource$2.run(DruidDataSource.java:1475)
	at java.security.AccessController.doPrivileged(Native Method)
	at com.alibaba.druid.pool.DruidDataSource.unregisterMbean(DruidDataSource.java:1471)
	at com.alibaba.druid.pool.DruidDataSource.close(DruidDataSource.java:1430)
	at com.jfinal.plugin.druid.DruidPlugin.stop(DruidPlugin.java:180)
	at com.jfinal.core.JFinal.stopPlugins(JFinal.java:135)
	at com.jfinal.core.JFinalFilter.destroy(JFinalFilter.java:87)
	at org.apache.catalina.core.ApplicationFilterConfig.release(ApplicationFilterConfig.java:315)
	at org.apache.catalina.core.StandardContext.filterStop(StandardContext.java:4811)
	at org.apache.catalina.core.StandardContext.stopInternal(StandardContext.java:5618)
	at org.apache.catalina.util.LifecycleBase.stop(LifecycleBase.java:232)
	at org.apache.catalina.core.ContainerBase$StopChild.call(ContainerBase.java:1575)
	at org.apache.catalina.core.ContainerBase$StopChild.call(ContainerBase.java:1564)
	at java.util.concurrent.FutureTask.run(FutureTask.java:262)
	at java.util.concurrent.ThreadPoolExecutor.runWorker(ThreadPoolExecutor.java:1145)
	at java.util.concurrent.ThreadPoolExecutor$Worker.run(ThreadPoolExecutor.java:615)
	at java.lang.Thread.run(Thread.java:745)
[com.alibaba.druid.stat.DruidStatService][ERROR] 2017-05-26 18:00:20,263 --> unregister mbean error com.alibaba.druid.stat.DruidStatService.unregisterMBean(DruidStatService.java:376)  
javax.management.InstanceNotFoundException: com.alibaba.druid:type=DruidStatService
	at com.sun.jmx.interceptor.DefaultMBeanServerInterceptor.getMBean(DefaultMBeanServerInterceptor.java:1095)
	at com.sun.jmx.interceptor.DefaultMBeanServerInterceptor.exclusiveUnregisterMBean(DefaultMBeanServerInterceptor.java:427)
	at com.sun.jmx.interceptor.DefaultMBeanServerInterceptor.unregisterMBean(DefaultMBeanServerInterceptor.java:415)
	at com.sun.jmx.mbeanserver.JmxMBeanServer.unregisterMBean(JmxMBeanServer.java:546)
	at com.alibaba.druid.stat.DruidStatService.unregisterMBean(DruidStatService.java:374)
	at com.alibaba.druid.stat.DruidDataSourceStatManager.removeDataSource(DruidDataSourceStatManager.java:205)
	at com.alibaba.druid.pool.DruidDataSource$2.run(DruidDataSource.java:1475)
	at java.security.AccessController.doPrivileged(Native Method)
	at com.alibaba.druid.pool.DruidDataSource.unregisterMbean(DruidDataSource.java:1471)
	at com.alibaba.druid.pool.DruidDataSource.close(DruidDataSource.java:1430)
	at com.jfinal.plugin.druid.DruidPlugin.stop(DruidPlugin.java:180)
	at com.jfinal.core.JFinal.stopPlugins(JFinal.java:135)
	at com.jfinal.core.JFinalFilter.destroy(JFinalFilter.java:87)
	at org.apache.catalina.core.ApplicationFilterConfig.release(ApplicationFilterConfig.java:315)
	at org.apache.catalina.core.StandardContext.filterStop(StandardContext.java:4811)
	at org.apache.catalina.core.StandardContext.stopInternal(StandardContext.java:5618)
	at org.apache.catalina.util.LifecycleBase.stop(LifecycleBase.java:232)
	at org.apache.catalina.core.ContainerBase$StopChild.call(ContainerBase.java:1575)
	at org.apache.catalina.core.ContainerBase$StopChild.call(ContainerBase.java:1564)
	at java.util.concurrent.FutureTask.run(FutureTask.java:262)
	at java.util.concurrent.ThreadPoolExecutor.runWorker(ThreadPoolExecutor.java:1145)
	at java.util.concurrent.ThreadPoolExecutor$Worker.run(ThreadPoolExecutor.java:615)
	at java.lang.Thread.run(Thread.java:745)
[com.alibaba.druid.pool.DruidDataSource][INFO] 2017-05-26 18:00:20,265 --> {dataSource-1} closed com.alibaba.druid.pool.DruidDataSource.close(DruidDataSource.java:1447)  
[com.alibaba.druid.pool.DruidDataSource][INFO] 2017-05-27 10:37:15,042 --> {dataSource-1} inited com.alibaba.druid.pool.DruidDataSource.init(DruidDataSource.java:722)  
[FormDef][INFO] 2017-05-27 10:37:15,153 --> load FormDef success, formId:1, formName:家庭基本信息 com.moa.viliage.form.FormDef.<init>(FormDef.java:66)  
[FormDef][INFO] 2017-05-27 10:37:15,153 --> load FormDef success, formId:10, formName:基本情况 com.moa.viliage.form.FormDef.<init>(FormDef.java:66)  
[FormDef][INFO] 2017-05-27 10:37:15,153 --> load FormDef success, formId:38, formName:生产经营信息 com.moa.viliage.form.FormDef.<init>(FormDef.java:66)  
[FormDef][INFO] 2017-05-27 10:37:15,153 --> load FormDef success, formId:2, formName:土地信息 com.moa.viliage.form.FormDef.<init>(FormDef.java:66)  
[FormDef][INFO] 2017-05-27 10:37:15,153 --> load FormDef success, formId:39, formName:畜禽粪便处理利用情况 com.moa.viliage.form.FormDef.<init>(FormDef.java:66)  
[FormDef][INFO] 2017-05-27 10:37:15,153 --> load FormDef success, formId:3, formName:生产经营信息（种植类） com.moa.viliage.form.FormDef.<init>(FormDef.java:66)  
[FormDef][INFO] 2017-05-27 10:37:15,153 --> load FormDef success, formId:4, formName:生产经营信息（养殖类） com.moa.viliage.form.FormDef.<init>(FormDef.java:66)  
[FormDef][INFO] 2017-05-27 10:37:15,153 --> load FormDef success, formId:12, formName:生产经营信息（水产类） com.moa.viliage.form.FormDef.<init>(FormDef.java:66)  
[FormDef][INFO] 2017-05-27 10:37:15,168 --> load FormDef success, formId:5, formName:农机信息 com.moa.viliage.form.FormDef.<init>(FormDef.java:66)  
[FormDef][INFO] 2017-05-27 10:37:15,168 --> load FormDef success, formId:6, formName:雇工信息 com.moa.viliage.form.FormDef.<init>(FormDef.java:66)  
[FormDef][INFO] 2017-05-27 10:37:15,168 --> load FormDef success, formId:7, formName:保险信息 com.moa.viliage.form.FormDef.<init>(FormDef.java:66)  
[FormDef][INFO] 2017-05-27 10:37:15,168 --> load FormDef success, formId:35, formName:补贴款信息 com.moa.viliage.form.FormDef.<init>(FormDef.java:66)  
[FormDef][INFO] 2017-05-27 10:37:15,168 --> load FormDef success, formId:8, formName:贷款信息 com.moa.viliage.form.FormDef.<init>(FormDef.java:66)  
[FormDef][INFO] 2017-05-27 10:37:15,168 --> load FormDef success, formId:11, formName:资产负债及收益情况 com.moa.viliage.form.FormDef.<init>(FormDef.java:66)  
[FormDef][INFO] 2017-05-27 10:37:15,168 --> load FormDef success, formId:-1, formName:无公害农产品证书 com.moa.viliage.form.FormDef.<init>(FormDef.java:66)  
[FormDef][INFO] 2017-05-27 10:37:15,168 --> load FormDef success, formId:-2, formName:有机农产品认证证书 com.moa.viliage.form.FormDef.<init>(FormDef.java:66)  
[FormDef][INFO] 2017-05-27 10:37:15,168 --> load FormDef success, formId:-3, formName:绿色食品证书 com.moa.viliage.form.FormDef.<init>(FormDef.java:66)  
[FormDef][INFO] 2017-05-27 10:37:15,168 --> load FormDef success, formId:-4, formName:农产品地理标志 com.moa.viliage.form.FormDef.<init>(FormDef.java:66)  
[FormDef][INFO] 2017-05-27 10:37:15,168 --> load FormDef success, formId:-5, formName:商标证书 com.moa.viliage.form.FormDef.<init>(FormDef.java:66)  
[FormDef][INFO] 2017-05-27 10:37:15,168 --> load FormDef success, formId:-6, formName:其他 com.moa.viliage.form.FormDef.<init>(FormDef.java:66)  
[BankLoader][INFO] 2017-05-27 10:37:15,184 --> Load Bank Success: [2, 中国邮政储蓄银行] com.moa.viliage.loan.BankLoader.loadBanks(BankLoader.java:46)  
[BankLoader][INFO] 2017-05-27 10:37:15,184 --> Load Bank Success: [1, 中国农业银行] com.moa.viliage.loan.BankLoader.loadBanks(BankLoader.java:46)  
[BankLoader][INFO] 2017-05-27 10:37:15,184 --> Load Bank Success: [3, 重庆市农业担保有限公司] com.moa.viliage.loan.BankLoader.loadBanks(BankLoader.java:46)  
[BankLoader][INFO] 2017-05-27 10:37:15,184 --> Load Bank Success: [4, 四川省农业信贷担保有限公司] com.moa.viliage.loan.BankLoader.loadBanks(BankLoader.java:46)  
[BankLoader][INFO] 2017-05-27 10:37:15,184 --> Load Bank Success: [5, 中国农业发展银行] com.moa.viliage.loan.BankLoader.loadBanks(BankLoader.java:46)  
[BankLoader][INFO] 2017-05-27 10:37:15,184 --> Load Bank Success: [6, 中国建设银行] com.moa.viliage.loan.BankLoader.loadBanks(BankLoader.java:46)  
[BankLoader][INFO] 2017-05-27 10:37:15,184 --> Load Bank Success: [7, 重庆农村商业银行] com.moa.viliage.loan.BankLoader.loadBanks(BankLoader.java:46)  
[BankLoader][INFO] 2017-05-27 10:37:15,184 --> Load Bank Success: [8, 重庆银行] com.moa.viliage.loan.BankLoader.loadBanks(BankLoader.java:46)  
[BankLoader][INFO] 2017-05-27 10:37:15,184 --> Load Bank Success: [9, sdf] com.moa.viliage.loan.BankLoader.loadBanks(BankLoader.java:46)  
[BankLoader][INFO] 2017-05-27 10:37:15,184 --> Load Bank Success: [10, xcg] com.moa.viliage.loan.BankLoader.loadBanks(BankLoader.java:46)  
[BankLoader][INFO] 2017-05-27 10:37:15,184 --> Load Bank Success: [11, qqq] com.moa.viliage.loan.BankLoader.loadBanks(BankLoader.java:46)  
[BankLoader][INFO] 2017-05-27 10:37:15,184 --> Load Bank Success: [13, aaaaaaaa] com.moa.viliage.loan.BankLoader.loadBanks(BankLoader.java:46)  
[BankLoader][INFO] 2017-05-27 10:37:15,184 --> Load Bank Success: [14, ttttttt] com.moa.viliage.loan.BankLoader.loadBanks(BankLoader.java:46)  
[BankLoader][INFO] 2017-05-27 10:37:15,184 --> Load Bank Success: [15, xxxxx] com.moa.viliage.loan.BankLoader.loadBanks(BankLoader.java:46)  
[BankLoader][INFO] 2017-05-27 10:37:15,184 --> Load Bank Success: [16, ppppp] com.moa.viliage.loan.BankLoader.loadBanks(BankLoader.java:46)  
[BankLoader][INFO] 2017-05-27 10:37:15,184 --> Load Bank Success: [17, ppppppppp] com.moa.viliage.loan.BankLoader.loadBanks(BankLoader.java:46)  
[BankLoader][INFO] 2017-05-27 10:37:15,184 --> Load Bank Success: [19, mmmmm] com.moa.viliage.loan.BankLoader.loadBanks(BankLoader.java:46)  
[BankLoader][INFO] 2017-05-27 10:37:15,184 --> Load Bank Success: [20, tttttttt] com.moa.viliage.loan.BankLoader.loadBanks(BankLoader.java:46)  
[BankLoader][INFO] 2017-05-27 10:37:15,184 --> Load Bank Success: [21, mmmmmmmmmmm] com.moa.viliage.loan.BankLoader.loadBanks(BankLoader.java:46)  
[BankLoader][INFO] 2017-05-27 10:37:15,184 --> Load Bank Success: [22, UI哦] com.moa.viliage.loan.BankLoader.loadBanks(BankLoader.java:46)  
[BankLoader][INFO] 2017-05-27 10:37:15,184 --> Load Bank Success: [23, tyut] com.moa.viliage.loan.BankLoader.loadBanks(BankLoader.java:46)  
[BankLoader][INFO] 2017-05-27 10:37:15,184 --> Load Bank Success: [24, ytutyu] com.moa.viliage.loan.BankLoader.loadBanks(BankLoader.java:46)  
[BankLoader][INFO] 2017-05-27 10:37:15,184 --> Load Bank Success: [25, rtu] com.moa.viliage.loan.BankLoader.loadBanks(BankLoader.java:46)  
[BankLoader][INFO] 2017-05-27 10:37:15,184 --> Load Bank Success: [26, dfhd] com.moa.viliage.loan.BankLoader.loadBanks(BankLoader.java:46)  
[BankLoader][INFO] 2017-05-27 10:37:15,184 --> Load Bank Success: [27, ry] com.moa.viliage.loan.BankLoader.loadBanks(BankLoader.java:46)  
[BankLoader][INFO] 2017-05-27 10:37:15,184 --> Load Bank Success: [28, 大概] com.moa.viliage.loan.BankLoader.loadBanks(BankLoader.java:46)  
[BankLoader][INFO] 2017-05-27 10:37:15,184 --> Load Bank Success: [30, 嘿嘿银行] com.moa.viliage.loan.BankLoader.loadBanks(BankLoader.java:46)  
[BankLoader][INFO] 2017-05-27 10:37:15,184 --> Load Bank Success: [31, 嘿嘿担保公司] com.moa.viliage.loan.BankLoader.loadBanks(BankLoader.java:46)  
[BankLoader][INFO] 2017-05-27 10:37:15,184 --> Load Bank Success: [32, sdf] com.moa.viliage.loan.BankLoader.loadBanks(BankLoader.java:46)  
[BankLoader][INFO] 2017-05-27 10:37:15,184 --> Load Bank Success: [33, sdf] com.moa.viliage.loan.BankLoader.loadBanks(BankLoader.java:46)  
[BankLoader][INFO] 2017-05-27 10:37:15,184 --> Load Bank Success: [34, sdf] com.moa.viliage.loan.BankLoader.loadBanks(BankLoader.java:46)  
[BankLoader][INFO] 2017-05-27 10:37:15,184 --> Load Bank Success: [35, aa] com.moa.viliage.loan.BankLoader.loadBanks(BankLoader.java:46)  
[BankLoader][INFO] 2017-05-27 10:37:15,184 --> Load Bank Success: [36, aa] com.moa.viliage.loan.BankLoader.loadBanks(BankLoader.java:46)  
[BankLoader][INFO] 2017-05-27 10:37:15,184 --> Load Bank Success: [37, aa] com.moa.viliage.loan.BankLoader.loadBanks(BankLoader.java:46)  
[BankLoader][INFO] 2017-05-27 10:37:15,184 --> Load Bank Success: [38, sf] com.moa.viliage.loan.BankLoader.loadBanks(BankLoader.java:46)  
[BankLoader][INFO] 2017-05-27 10:37:15,184 --> Load Bank Success: [39, dg] com.moa.viliage.loan.BankLoader.loadBanks(BankLoader.java:46)  
[BankLoader][INFO] 2017-05-27 10:37:15,184 --> Load Bank Success: [40, 收到] com.moa.viliage.loan.BankLoader.loadBanks(BankLoader.java:46)  
[BankLoader][INFO] 2017-05-27 10:37:15,184 --> Load Bank Success: [41, 是] com.moa.viliage.loan.BankLoader.loadBanks(BankLoader.java:46)  
[BankLoader][INFO] 2017-05-27 10:37:15,184 --> Load Bank Success: [42, 有] com.moa.viliage.loan.BankLoader.loadBanks(BankLoader.java:46)  
[BankLoader][INFO] 2017-05-27 10:37:15,184 --> Load Bank Success: [43, qqqqqqqqqqqqqqq] com.moa.viliage.loan.BankLoader.loadBanks(BankLoader.java:46)  
[BankLoader][INFO] 2017-05-27 10:37:15,184 --> Load Bank Success: [44, 农发贷] com.moa.viliage.loan.BankLoader.loadBanks(BankLoader.java:46)  
[BankLoader][INFO] 2017-05-27 10:37:15,184 --> Load Bank Success: [45, fs] com.moa.viliage.loan.BankLoader.loadBanks(BankLoader.java:46)  
[BankLoader][INFO] 2017-05-27 10:37:15,184 --> Load Bank Success: [46, 互联网金融公司机构] com.moa.viliage.loan.BankLoader.loadBanks(BankLoader.java:46)  
[BankLoader][INFO] 2017-05-27 10:37:15,184 --> Load Bank Success: [47, 农发贷1] com.moa.viliage.loan.BankLoader.loadBanks(BankLoader.java:46)  
[BankLoader][INFO] 2017-05-27 10:37:15,184 --> Load Bank Success: [48, 网上银行] com.moa.viliage.loan.BankLoader.loadBanks(BankLoader.java:46)  
[BankLoader][INFO] 2017-05-27 10:37:15,184 --> Load Bank Success: [49, 打啊打] com.moa.viliage.loan.BankLoader.loadBanks(BankLoader.java:46)  
[BankLoader][INFO] 2017-05-27 10:37:15,184 --> Load Bank Success: [50, test银行] com.moa.viliage.loan.BankLoader.loadBanks(BankLoader.java:46)  
[BankLoader][INFO] 2017-05-27 10:37:15,184 --> Load Bank Success: [51, 嘿嘿嘿] com.moa.viliage.loan.BankLoader.loadBanks(BankLoader.java:46)  
[FiProdLoader][INFO] 2017-05-27 10:37:15,199 --> load fiProd success:[2:133dc3a3b91d4e72805848063bca7b1e, 农业产业链贷款] com.moa.viliage.loan.FiProdLoader.loadFiProds(FiProdLoader.java:45)  
[FiProdLoader][INFO] 2017-05-27 10:37:15,199 --> load fiProd success:[2:5bd0ae8079974bea943acfd744f3c426, 农村承包土地的经营权抵押贷款] com.moa.viliage.loan.FiProdLoader.loadFiProds(FiProdLoader.java:45)  
[FiProdLoader][INFO] 2017-05-27 10:37:15,199 --> load fiProd success:[2:73f73bc64a7c4498a2dec999f92d422c, 家庭农场（专业大户）贷款] com.moa.viliage.loan.FiProdLoader.loadFiProds(FiProdLoader.java:45)  
[FiProdLoader][INFO] 2017-05-27 10:37:15,199 --> load fiProd success:[2:753781de66b44bd4b001ce54784350e9, 农户小额贷款] com.moa.viliage.loan.FiProdLoader.loadFiProds(FiProdLoader.java:45)  
[FiProdLoader][INFO] 2017-05-27 10:37:15,199 --> load fiProd success:[2:9cce2b29c75b4fbda7751048f1dce50f, 农民专业合作社贷款] com.moa.viliage.loan.FiProdLoader.loadFiProds(FiProdLoader.java:45)  
[FiProdLoader][INFO] 2017-05-27 10:37:15,199 --> load fiProd success:[2:f72561f2b6524198aa1f650d68747a30, 17年抗旱农机具购买专项资金] com.moa.viliage.loan.FiProdLoader.loadFiProds(FiProdLoader.java:45)  
[FiProdLoader][INFO] 2017-05-27 10:37:15,199 --> load fiProd success:[2:fe3534565187454a90d545ebc831a4c9, 农民住房财产权抵押贷款] com.moa.viliage.loan.FiProdLoader.loadFiProds(FiProdLoader.java:45)  
[FiProdLoader][INFO] 2017-05-27 10:37:15,199 --> load fiProd success:[1:21e3491b19d543a79b56aa4dfea5f1a0, 详情测试] com.moa.viliage.loan.FiProdLoader.loadFiProds(FiProdLoader.java:45)  
[FiProdLoader][INFO] 2017-05-27 10:37:15,199 --> load fiProd success:[1:3d4d77d6de1243d8b087aa97ec56acae, 全国qqqqqqq] com.moa.viliage.loan.FiProdLoader.loadFiProds(FiProdLoader.java:45)  
[FiProdLoader][INFO] 2017-05-27 10:37:15,199 --> load fiProd success:[1:48fbf179ff614be8bc1492cbb08108ca, 河南省产品] com.moa.viliage.loan.FiProdLoader.loadFiProds(FiProdLoader.java:45)  
[FiProdLoader][INFO] 2017-05-27 10:37:15,199 --> load fiProd success:[1:5cab75db1f96478bb796c6438164f0a8, 河南省郑州市产品] com.moa.viliage.loan.FiProdLoader.loadFiProds(FiProdLoader.java:45)  
[FiProdLoader][INFO] 2017-05-27 10:37:15,199 --> load fiProd success:[1:721154976f7347199e2a20f0d9c11f3d, 小额贷款] com.moa.viliage.loan.FiProdLoader.loadFiProds(FiProdLoader.java:45)  
[FiProdLoader][INFO] 2017-05-27 10:37:15,199 --> load fiProd success:[1:8be86d8a1c3445e6984c884f3610d21d, 666999] com.moa.viliage.loan.FiProdLoader.loadFiProds(FiProdLoader.java:45)  
[FiProdLoader][INFO] 2017-05-27 10:37:15,199 --> load fiProd success:[1:9e3328c5150f429482deec99e8339323, 邮箱测试] com.moa.viliage.loan.FiProdLoader.loadFiProds(FiProdLoader.java:45)  
[FiProdLoader][INFO] 2017-05-27 10:37:15,199 --> load fiProd success:[1:e664823169c34370b7dfb520da460161, 家庭农场贷款] com.moa.viliage.loan.FiProdLoader.loadFiProds(FiProdLoader.java:45)  
[FiProdLoader][INFO] 2017-05-27 10:37:15,199 --> load fiProd success:[1:fb16ee45f9fa483b8aee7dd7f8742da1, 宜信] com.moa.viliage.loan.FiProdLoader.loadFiProds(FiProdLoader.java:45)  
[FiProdLoader][INFO] 2017-05-27 10:37:15,199 --> load fiProd success:[1:fe0bea72f4564c9c9ebe35582f95db62, 贷信信] com.moa.viliage.loan.FiProdLoader.loadFiProds(FiProdLoader.java:45)  
[FiProdLoader][INFO] 2017-05-27 10:37:15,199 --> load fiProd success:[3:347cf25a58064085a3f4b40227613b9f, 创业股权投资基金] com.moa.viliage.loan.FiProdLoader.loadFiProds(FiProdLoader.java:45)  
[FiProdLoader][INFO] 2017-05-27 10:37:15,199 --> load fiProd success:[3:48596a987c50496185083fb03813e8a6, 微小(小微)类农业担保融资] com.moa.viliage.loan.FiProdLoader.loadFiProds(FiProdLoader.java:45)  
[FiProdLoader][INFO] 2017-05-27 10:37:15,199 --> load fiProd success:[3:739c350af82c400899ab2511a20b9c7a, 互联网农业金融P2P融资] com.moa.viliage.loan.FiProdLoader.loadFiProds(FiProdLoader.java:45)  
[FiProdLoader][INFO] 2017-05-27 10:37:15,199 --> load fiProd success:[3:bce11b3f3d6146d8b0fd83292d0824ec, 普通类农业担保融资] com.moa.viliage.loan.FiProdLoader.loadFiProds(FiProdLoader.java:45)  
[FiProdLoader][INFO] 2017-05-27 10:37:15,199 --> load fiProd success:[3:ef5ac92475ac4bf2b2ac7dc56c1ed2bc, 1] com.moa.viliage.loan.FiProdLoader.loadFiProds(FiProdLoader.java:45)  
[FiProdLoader][INFO] 2017-05-27 10:37:15,199 --> load fiProd success:[4:e980de6961cc4a6e8b981edaa3054e3f, 惠农担?粮易贷] com.moa.viliage.loan.FiProdLoader.loadFiProds(FiProdLoader.java:45)  
[FiProdLoader][INFO] 2017-05-27 10:37:15,199 --> load fiProd success:[30:bf4d8f8afa5649fc8314f46e3f36409a, sdf] com.moa.viliage.loan.FiProdLoader.loadFiProds(FiProdLoader.java:45)  
[FiProdLoader][INFO] 2017-05-27 10:37:15,199 --> load fiProd success:[46:2f5979a82b014c76afb78605f0a7958f, 农发贷1] com.moa.viliage.loan.FiProdLoader.loadFiProds(FiProdLoader.java:45)  
[FiProdLoader][INFO] 2017-05-27 10:37:15,199 --> load fiProd success:[46:6630fbde5701446497275ad12f6e6443, 3] com.moa.viliage.loan.FiProdLoader.loadFiProds(FiProdLoader.java:45)  
[FiProdLoader][INFO] 2017-05-27 10:37:15,199 --> load fiProd success:[47:2672bfb61a1b414080c04097e47e6ca3, 农发贷111] com.moa.viliage.loan.FiProdLoader.loadFiProds(FiProdLoader.java:45)  
[FiProdLoader][INFO] 2017-05-27 10:37:15,199 --> load fiProd success:[48:1ae25a02e692458ca2eea50e322710a0, ouh] com.moa.viliage.loan.FiProdLoader.loadFiProds(FiProdLoader.java:45)  
[FiProdLoader][INFO] 2017-05-27 10:37:15,199 --> load fiProd success:[48:d1e662635bb54a029c0c8ee511cacc1b, 网上银行] com.moa.viliage.loan.FiProdLoader.loadFiProds(FiProdLoader.java:45)  
[FiProdLoader][INFO] 2017-05-27 10:37:15,199 --> load fiProd success:[49:a33d31d95ea84665b9e20584d3c2e727, 111] com.moa.viliage.loan.FiProdLoader.loadFiProds(FiProdLoader.java:45)  
[FiProdLoader][INFO] 2017-05-27 10:37:15,199 --> load fiProd success:[49:beeb375c4e6d4b98a5ed2c78c6184fb8, 程宏佳333] com.moa.viliage.loan.FiProdLoader.loadFiProds(FiProdLoader.java:45)  
[FiProdLoader][INFO] 2017-05-27 10:37:15,199 --> load fiProd success:[49:cf8aef192f344aa898125bdf150fff99, 大叔大婶多所多所] com.moa.viliage.loan.FiProdLoader.loadFiProds(FiProdLoader.java:45)  
[FiProdLoader][INFO] 2017-05-27 10:37:15,199 --> load fiProd success:[49:d691478f583d43a9afe80cf5864787e9, 程宏佳11] com.moa.viliage.loan.FiProdLoader.loadFiProds(FiProdLoader.java:45)  
[FiProdLoader][INFO] 2017-05-27 10:37:15,199 --> load fiProd success:[49:dc794676831e41508c6e640276aa4068, chenghongjia ] com.moa.viliage.loan.FiProdLoader.loadFiProds(FiProdLoader.java:45)  
[FiProdLoader][INFO] 2017-05-27 10:37:15,199 --> load fiProd success:[49:dfef6a16074242fb848f6142a347fc8d, 程爱英] com.moa.viliage.loan.FiProdLoader.loadFiProds(FiProdLoader.java:45)  
[FiProdLoader][INFO] 2017-05-27 10:37:15,199 --> load fiProd success:[49:f6f1dcb58d014773890c858074b81497, 杭州] com.moa.viliage.loan.FiProdLoader.loadFiProds(FiProdLoader.java:45)  
[FiProdLoader][INFO] 2017-05-27 10:37:15,199 --> load fiProd success:[50:3f0f7a123b1c4dc4940b5271260cbed2, test产品1] com.moa.viliage.loan.FiProdLoader.loadFiProds(FiProdLoader.java:45)  
[FiProdLoader][INFO] 2017-05-27 10:37:15,199 --> load fiProd success:[51:cb445574bb98434eb9627e315bab117d, 咻咻咻] com.moa.viliage.loan.FiProdLoader.loadFiProds(FiProdLoader.java:45)  
[FiProdLoader][INFO] 2017-05-27 10:37:15,199 --> load fiProd success:[51:e62d973f67464fe4bc5a60d880a95525, 嘿嘿嘿嘿嘿嘿嘿] com.moa.viliage.loan.FiProdLoader.loadFiProds(FiProdLoader.java:45)  
[SessionListener][INFO] 2017-05-27 10:39:14,471 --> session created:E062819E4784A28F6D3B15A310C75FAA com.moa.viliage.listener.SessionListener.sessionCreated(SessionListener.java:17)  
[OAuthController][INFO] 2017-05-27 10:39:14,490 --> 开发模式授权, alipayUserId:373331422825485457, accessToken:e881fab8df014f74aa4ac8357d111259 com.moa.viliage.controller.OAuthController.publicAppAuthorize(OAuthController.java:49)  
[AlipayUserInfoCache][INFO] 2017-05-27 10:39:14,492 --> put user: token:e881fab8df014f74aa4ac8357d111259, {"alipayUserId":"373331422825485457","id":"503811","principalId":"","isHzs":"0","idNum":"","realName":"","province":"","city":"","tmpFileCache":{}} com.moa.viliage.token.AlipayUserInfoCache.put(AlipayUserInfoCache.java:22)  
[com.moa.viliage.interceptor.TokenInterceptor][INFO] 2017-05-27 10:39:14,762 --> 农户/合作社信息：503796:::2::: com.moa.viliage.interceptor.TokenInterceptor.intercept(TokenInterceptor.java:51)  
[com.moa.viliage.interceptor.TokenInterceptor][INFO] 2017-05-27 10:39:14,777 --> 农户/合作社信息：503796:::2::: com.moa.viliage.interceptor.TokenInterceptor.intercept(TokenInterceptor.java:51)  
[com.moa.viliage.interceptor.TokenInterceptor][INFO] 2017-05-27 10:39:20,349 --> 农户/合作社信息：503796:::2::: com.moa.viliage.interceptor.TokenInterceptor.intercept(TokenInterceptor.java:51)  
[com.moa.viliage.interceptor.TokenInterceptor][INFO] 2017-05-27 10:39:20,360 --> 农户/合作社信息：503796:::2::: com.moa.viliage.interceptor.TokenInterceptor.intercept(TokenInterceptor.java:51)  
[com.moa.viliage.interceptor.TokenInterceptor][INFO] 2017-05-27 10:39:21,767 --> 农户/合作社信息：503796:::2::: com.moa.viliage.interceptor.TokenInterceptor.intercept(TokenInterceptor.java:51)  
[com.moa.viliage.interceptor.TokenInterceptor][INFO] 2017-05-27 10:39:25,477 --> 农户/合作社信息：503796:::2::: com.moa.viliage.interceptor.TokenInterceptor.intercept(TokenInterceptor.java:51)  
[com.moa.viliage.interceptor.TokenInterceptor][INFO] 2017-05-27 10:39:25,486 --> 农户/合作社信息：503796:::2::: com.moa.viliage.interceptor.TokenInterceptor.intercept(TokenInterceptor.java:51)  
[com.moa.viliage.interceptor.TokenInterceptor][INFO] 2017-05-27 10:39:26,562 --> 农户/合作社信息：503796:::2::: com.moa.viliage.interceptor.TokenInterceptor.intercept(TokenInterceptor.java:51)  
[com.moa.viliage.interceptor.TokenInterceptor][INFO] 2017-05-27 10:39:28,528 --> 农户/合作社信息：503796:::2::: com.moa.viliage.interceptor.TokenInterceptor.intercept(TokenInterceptor.java:51)  
[com.moa.viliage.interceptor.TokenInterceptor][INFO] 2017-05-27 10:39:28,538 --> 农户/合作社信息：503796:::2::: com.moa.viliage.interceptor.TokenInterceptor.intercept(TokenInterceptor.java:51)  
[com.moa.viliage.interceptor.TokenInterceptor][INFO] 2017-05-27 10:39:31,225 --> 农户/合作社信息：503796:::2::: com.moa.viliage.interceptor.TokenInterceptor.intercept(TokenInterceptor.java:51)  
[com.moa.viliage.interceptor.TokenInterceptor][INFO] 2017-05-27 10:39:31,230 --> 农户/合作社信息：503796:::2::: com.moa.viliage.interceptor.TokenInterceptor.intercept(TokenInterceptor.java:51)  
[com.moa.viliage.interceptor.TokenInterceptor][INFO] 2017-05-27 10:39:38,721 --> 农户/合作社信息：503796:::2::: com.moa.viliage.interceptor.TokenInterceptor.intercept(TokenInterceptor.java:51)  
[com.moa.viliage.interceptor.TokenInterceptor][INFO] 2017-05-27 10:39:38,727 --> 农户/合作社信息：503796:::2::: com.moa.viliage.interceptor.TokenInterceptor.intercept(TokenInterceptor.java:51)  
[com.moa.viliage.interceptor.TokenInterceptor][INFO] 2017-05-27 10:40:11,121 --> 农户/合作社信息：503796:::2::: com.moa.viliage.interceptor.TokenInterceptor.intercept(TokenInterceptor.java:51)  
[com.moa.viliage.interceptor.TokenInterceptor][INFO] 2017-05-27 10:40:11,127 --> 农户/合作社信息：503796:::2::: com.moa.viliage.interceptor.TokenInterceptor.intercept(TokenInterceptor.java:51)  
[com.moa.viliage.interceptor.TokenInterceptor][INFO] 2017-05-27 10:40:22,553 --> 农户/合作社信息：503796:::2::: com.moa.viliage.interceptor.TokenInterceptor.intercept(TokenInterceptor.java:51)  
[com.moa.viliage.interceptor.TokenInterceptor][INFO] 2017-05-27 10:40:22,565 --> 农户/合作社信息：503796:::2::: com.moa.viliage.interceptor.TokenInterceptor.intercept(TokenInterceptor.java:51)  
[com.moa.viliage.interceptor.TokenInterceptor][INFO] 2017-05-27 10:40:36,799 --> 农户/合作社信息：503796:::2::: com.moa.viliage.interceptor.TokenInterceptor.intercept(TokenInterceptor.java:51)  
[com.moa.viliage.interceptor.TokenInterceptor][INFO] 2017-05-27 10:40:36,826 --> 农户/合作社信息：503796:::2::: com.moa.viliage.interceptor.TokenInterceptor.intercept(TokenInterceptor.java:51)  
[com.moa.viliage.interceptor.TokenInterceptor][INFO] 2017-05-27 10:40:36,836 --> 农户/合作社信息：503796:::2::: com.moa.viliage.interceptor.TokenInterceptor.intercept(TokenInterceptor.java:51)  
[com.moa.viliage.interceptor.TokenInterceptor][INFO] 2017-05-27 10:40:40,985 --> 农户/合作社信息：503796:::2::: com.moa.viliage.interceptor.TokenInterceptor.intercept(TokenInterceptor.java:51)  
[com.moa.viliage.interceptor.TokenInterceptor][INFO] 2017-05-27 10:40:40,996 --> 农户/合作社信息：503796:::2::: com.moa.viliage.interceptor.TokenInterceptor.intercept(TokenInterceptor.java:51)  
[com.moa.viliage.interceptor.TokenInterceptor][INFO] 2017-05-27 10:40:41,006 --> 农户/合作社信息：503796:::2::: com.moa.viliage.interceptor.TokenInterceptor.intercept(TokenInterceptor.java:51)  
[com.moa.viliage.interceptor.TokenInterceptor][INFO] 2017-05-27 10:40:53,808 --> 农户/合作社信息：503796:::2::: com.moa.viliage.interceptor.TokenInterceptor.intercept(TokenInterceptor.java:51)  
[com.moa.viliage.interceptor.TokenInterceptor][INFO] 2017-05-27 10:40:53,817 --> 农户/合作社信息：503796:::2::: com.moa.viliage.interceptor.TokenInterceptor.intercept(TokenInterceptor.java:51)  
[com.moa.viliage.interceptor.TokenInterceptor][INFO] 2017-05-27 10:40:53,825 --> 农户/合作社信息：503796:::2::: com.moa.viliage.interceptor.TokenInterceptor.intercept(TokenInterceptor.java:51)  
[com.moa.viliage.interceptor.TokenInterceptor][INFO] 2017-05-27 10:41:15,037 --> 农户/合作社信息：503796:::2::: com.moa.viliage.interceptor.TokenInterceptor.intercept(TokenInterceptor.java:51)  
[com.moa.viliage.interceptor.TokenInterceptor][INFO] 2017-05-27 10:41:15,046 --> 农户/合作社信息：503796:::2::: com.moa.viliage.interceptor.TokenInterceptor.intercept(TokenInterceptor.java:51)  
[com.moa.viliage.interceptor.TokenInterceptor][INFO] 2017-05-27 10:41:15,056 --> 农户/合作社信息：503796:::2::: com.moa.viliage.interceptor.TokenInterceptor.intercept(TokenInterceptor.java:51)  
[SessionListener][INFO] 2017-05-27 11:11:19,698 --> session destroyed:E062819E4784A28F6D3B15A310C75FAA com.moa.viliage.listener.SessionListener.sessionDestroyed(SessionListener.java:22)  
[AlipayUserInfoCache][INFO] 2017-05-27 11:11:19,698 --> remove user: token:e881fab8df014f74aa4ac8357d111259, {"alipayUserId":"373331422825485457","id":"503796","principalId":"","isHzs":"2","idNum":"","realName":"","province":"北京市","city":"北京市","tmpFileCache":{}} com.moa.viliage.token.AlipayUserInfoCache.remove(AlipayUserInfoCache.java:32)  
[com.alibaba.druid.stat.DruidDataSourceStatManager][ERROR] 2017-05-27 11:32:13,450 --> unregister mbean error com.alibaba.druid.stat.DruidDataSourceStatManager.removeDataSource(DruidDataSourceStatManager.java:202)  
javax.management.InstanceNotFoundException: com.alibaba.druid:type=DruidDataSourceStat
	at com.sun.jmx.interceptor.DefaultMBeanServerInterceptor.getMBean(DefaultMBeanServerInterceptor.java:1095)
	at com.sun.jmx.interceptor.DefaultMBeanServerInterceptor.exclusiveUnregisterMBean(DefaultMBeanServerInterceptor.java:427)
	at com.sun.jmx.interceptor.DefaultMBeanServerInterceptor.unregisterMBean(DefaultMBeanServerInterceptor.java:415)
	at com.sun.jmx.mbeanserver.JmxMBeanServer.unregisterMBean(JmxMBeanServer.java:546)
	at com.alibaba.druid.stat.DruidDataSourceStatManager.removeDataSource(DruidDataSourceStatManager.java:200)
	at com.alibaba.druid.pool.DruidDataSource$2.run(DruidDataSource.java:1475)
	at java.security.AccessController.doPrivileged(Native Method)
	at com.alibaba.druid.pool.DruidDataSource.unregisterMbean(DruidDataSource.java:1471)
	at com.alibaba.druid.pool.DruidDataSource.close(DruidDataSource.java:1430)
	at com.jfinal.plugin.druid.DruidPlugin.stop(DruidPlugin.java:180)
	at com.jfinal.core.JFinal.stopPlugins(JFinal.java:135)
	at com.jfinal.core.JFinalFilter.destroy(JFinalFilter.java:87)
	at org.apache.catalina.core.ApplicationFilterConfig.release(ApplicationFilterConfig.java:315)
	at org.apache.catalina.core.StandardContext.filterStop(StandardContext.java:4811)
	at org.apache.catalina.core.StandardContext.stopInternal(StandardContext.java:5618)
	at org.apache.catalina.util.LifecycleBase.stop(LifecycleBase.java:232)
	at org.apache.catalina.core.ContainerBase$StopChild.call(ContainerBase.java:1575)
	at org.apache.catalina.core.ContainerBase$StopChild.call(ContainerBase.java:1564)
	at java.util.concurrent.FutureTask.run(FutureTask.java:262)
	at java.util.concurrent.ThreadPoolExecutor.runWorker(ThreadPoolExecutor.java:1145)
	at java.util.concurrent.ThreadPoolExecutor$Worker.run(ThreadPoolExecutor.java:615)
	at java.lang.Thread.run(Thread.java:745)
[com.alibaba.druid.stat.DruidStatService][ERROR] 2017-05-27 11:32:13,467 --> unregister mbean error com.alibaba.druid.stat.DruidStatService.unregisterMBean(DruidStatService.java:376)  
javax.management.InstanceNotFoundException: com.alibaba.druid:type=DruidStatService
	at com.sun.jmx.interceptor.DefaultMBeanServerInterceptor.getMBean(DefaultMBeanServerInterceptor.java:1095)
	at com.sun.jmx.interceptor.DefaultMBeanServerInterceptor.exclusiveUnregisterMBean(DefaultMBeanServerInterceptor.java:427)
	at com.sun.jmx.interceptor.DefaultMBeanServerInterceptor.unregisterMBean(DefaultMBeanServerInterceptor.java:415)
	at com.sun.jmx.mbeanserver.JmxMBeanServer.unregisterMBean(JmxMBeanServer.java:546)
	at com.alibaba.druid.stat.DruidStatService.unregisterMBean(DruidStatService.java:374)
	at com.alibaba.druid.stat.DruidDataSourceStatManager.removeDataSource(DruidDataSourceStatManager.java:205)
	at com.alibaba.druid.pool.DruidDataSource$2.run(DruidDataSource.java:1475)
	at java.security.AccessController.doPrivileged(Native Method)
	at com.alibaba.druid.pool.DruidDataSource.unregisterMbean(DruidDataSource.java:1471)
	at com.alibaba.druid.pool.DruidDataSource.close(DruidDataSource.java:1430)
	at com.jfinal.plugin.druid.DruidPlugin.stop(DruidPlugin.java:180)
	at com.jfinal.core.JFinal.stopPlugins(JFinal.java:135)
	at com.jfinal.core.JFinalFilter.destroy(JFinalFilter.java:87)
	at org.apache.catalina.core.ApplicationFilterConfig.release(ApplicationFilterConfig.java:315)
	at org.apache.catalina.core.StandardContext.filterStop(StandardContext.java:4811)
	at org.apache.catalina.core.StandardContext.stopInternal(StandardContext.java:5618)
	at org.apache.catalina.util.LifecycleBase.stop(LifecycleBase.java:232)
	at org.apache.catalina.core.ContainerBase$StopChild.call(ContainerBase.java:1575)
	at org.apache.catalina.core.ContainerBase$StopChild.call(ContainerBase.java:1564)
	at java.util.concurrent.FutureTask.run(FutureTask.java:262)
	at java.util.concurrent.ThreadPoolExecutor.runWorker(ThreadPoolExecutor.java:1145)
	at java.util.concurrent.ThreadPoolExecutor$Worker.run(ThreadPoolExecutor.java:615)
	at java.lang.Thread.run(Thread.java:745)
[com.alibaba.druid.pool.DruidDataSource][INFO] 2017-05-27 11:32:13,467 --> {dataSource-1} closed com.alibaba.druid.pool.DruidDataSource.close(DruidDataSource.java:1447)  
